connect
attend
connect
attend
connect
attend
connect
attend
connect
attend
connect
attend
connect
attend
connect
attend
connect
attend
connect
attend
attend
attend
attend
connect
attend
connect
connect
connect
connect
connect
connect
connect
connect
connect
connect
connect
connect
connect
connect
connect
connect
connect
connect
connect
connect IR5jTQlV_jkj4Vw_AAAA
request
connect -g8gDXFbnRCxaRDVAAAB
connect H3gozBmooPWC0kGpAAAC
request
connect 2EuoSZ0tFSb91oqeAAAD
request
connect wfFfoOdwv7ZHLNsuAAAE
request
connect N-pwJn74H2RDz_D_AAAF
connect glBDobWWHs9u543sAAAG
connect EhrStESf51AfG8hgAAAH
request
request
connect TBGoe4cNKMmK_ZcSAAAA
connect 5XHlS9rNn5koqif7AAAB
connect 1oD3F4i45YqiEmsFAAAC
connect qz5h19h0CCGjXziBAAAD
connect hfNfPVR2KuosEMmlAAAE
connect S_eb4KRHU7RxnGpIAAAF
connect wHTrJ8ks8odLxq8DAAAG
connect D-LVKBt1gpipjWlUAAAH
connect 6hQzUwhGuhHfgEeYAAAI
connect hSDDQPcWscOFD2aRAAAJ
connect 91njJ1SW0GpbZflcAAAK
connect YamITjYLeUzcfPDFAAAL
connect GWqF3u3oS0D2L9rJAAAM
connect K63uFxmXYoriY1VAAAAN
connect Yg2ctVqs-sclYhWwAAAO
request aaaa
request aaaabb
request aaaabbddd
connect 1OkVfOzwLJf5gVnQAAAP
connect f2C9IXeCTlerk83nAAAQ
connect dmg0gL1QjFmInUQyAAAR
connect uZe0aLRNVFMo5dr3AAAS
connect tqhiy1FthucgKsa9AAAT
connect fQNz21BjpbIFHjc8AAAU
connect Mwp-RwWZva6egc-CAAAV
connect UZqR9AU7Rf7mq6FGAAAW
connect d7HZxMassL0ZmyEqAAAX
connect EpO13n2-JzGsG04uAAAY
connect Gm1mvmEjaG3-UTAhAAAZ
request aaaaa
request aaaaabbb
request join chm
connect eoRPEj8A1Iq_m8SAAAAa
request aaa
request join AAA
connect Ls14_2CFo1tl81BcAAAb
connect hSQ1ychQEnN1xXPVAAAc
request joint AAA
connect s8E33APWGlHe7_3OAAAd
connect uNPzwcRQRboEwWrdAAAe
connect b9-LhptQKMpPsvOlAAAf
request join BBB
request join BBBB
connect -L80lC4Hd2vJ6604AAAA
connect ohGMABXwmYEfAK_mAAAB
connect JZaageKmcKAhAnlcAAAC
connect AZSPTn7JjCg3TwCgAAAD
connect ghqZAk833Z9cYKQFAAAE
connect yQClXyGXkoK4WA6MAAAF
connect oLqwvgqNCOxEOsIkAAAG
connect BEM4o6V1zwfjbjgUAAAH
connect AsfbLgS8wnaSnIpAAAAI
connect 2KmBSu0DH1Mpss9zAAAJ
connect XMjhI9FJwIQHdKMrAAAK
connect 4JH3-8zD42WhTedGAAAL
connect mnRG8V3WVYtKhoWDAAAM
connect pBd9U7uiX8uaQZ0SAAAN
request sss
request sssbb
connect fvBxMIZKmwX0MzbPAAAO
connect DNUHia6yPi8TylOkAAAP
connect Hs1SkkpxLsi77aMVAAAQ
connect H8ekyv-GuHl2ebsuAAAR
connect 8iSsg_9g7g3mxtV_AAAS
connect R4YWU9pdwGy6mDz0AAAT
connect d2_l3DNVqoxmQNYLAAAU
connect sSVLgPv8b3ZoCFtUAAAV
connect kmJUjuSqHFl7VxqKAAAW
connect cTVdK21tEPe8LpBJAAAX
connect Q249LMLjNuWH5tI3AAAA
chalenge {"cnt":0,"skp":5,"cur":0,"nxt":5}connect XGkh_bMXHq_AxTXlAAAB
chalenge {"cnt":0,"skp":5,"cur":0,"nxt":5}chalenge {"cnt":0,"skp":5,"cur":0,"nxt":10}connect lC__UlwGf68-595dAAAA
connect 6I918AnYZ-r6M-52AAAB
chalenge {"cnt":0,"skp":5,"cur":0,"nxt":5}
chalenge {"cnt":1,"skp":5,"cur":0,"nxt":10}
connect oPfhzb_RZGW0-SfEAAAA
connect RdR22IgjD5JKOHOzAAAB
chalenge {"cnt":0,"skp":5,"cur":0,"nxt":5}
chalenge {"cnt":1,"skp":5,"cur":5,"nxt":10}
chalenge {"cnt":2,"skp":5,"cur":10,"nxt":15}
success headRdR22IgjD5JKOHOzAAAB
connect Y88setVAcoPzV6beAAAA
connect SUnZWYdaXZhZPpq1AAAB
connect 5GDNPsjz9eEyZgVYAAAC
connect nNdUdarMYNVCiGokAAAD
request join a
request join b
connect Tz_BllvfDT1EUawiAAAA
connect sS-da7uRZBMKvhylAAAB
join a
connect YIyOy1EeIMlllvtsAAAA
connect -E9kCJtKyP5MsZNhAAAB
join undefined
users [{"id":"a"}]
join undefined
users [{"id":"a"},{"id":"b"}]
connect gFRoS5ms9y_WD5E8AAAA
connect Ng_KFuZB_p3ogD0XAAAB
join a
users [{"id":"Ng_KFuZB_p3ogD0XAAAB","name":"a"}]
join b
users [{"id":"Ng_KFuZB_p3ogD0XAAAB","name":"a"},{"id":"Ng_KFuZB_p3ogD0XAAAB","name":"b"}]
connect znlVeXz46r5fvfTgAAAA
connect VWUsJoyDaKumgpuIAAAB
connect KfnD6-YcgFXhFOnuAAAA
connect _IFEq3JoOCpqXqNwAAAA
connect NwD2EaKmlHR58YZpAAAB
join a
users [{"id":"NwD2EaKmlHR58YZpAAAB","name":"a"}]
join b
users [{"id":"NwD2EaKmlHR58YZpAAAB","name":"b"}]
connect 9TEik0P1xLqLEJgbAAAC
join c
users [{"id":"NwD2EaKmlHR58YZpAAAB","name":"b"},{"id":"9TEik0P1xLqLEJgbAAAC","name":"c"}]
connect phKNxVLHiyC7kcnSAAAA
connect p90IRkDwMegC5E8xAAAB
disconnect phKNxVLHiyC7kcnSAAAA
connect r9GqNIeEdJTupkaiAAAC
connect sldJr2hFfREPSvn8AAAD
disconnect sldJr2hFfREPSvn8AAAD
connect WWt8BMSXqQKgIfk0AAAA
connect A5sCWl9BftU1cKfQAAAB
join a
users [{"id":"A5sCWl9BftU1cKfQAAAB","name":"a"}]
join aa
users [{"id":"A5sCWl9BftU1cKfQAAAB","name":"aa"}]
join b
users [{"id":"A5sCWl9BftU1cKfQAAAB","name":"aa"},{"id":"WWt8BMSXqQKgIfk0AAAA","name":"b"}]
join bb
users [{"id":"A5sCWl9BftU1cKfQAAAB","name":"aa"},{"id":"WWt8BMSXqQKgIfk0AAAA","name":"bb"}]
disconnect WWt8BMSXqQKgIfk0AAAA
connect ZF8Dh83B8u123kwJAAAA
connect qsbhEWV3jjWrxGeTAAAB
join a
users [{"id":"ZF8Dh83B8u123kwJAAAA","name":"a"}]
join b
users [{"id":"ZF8Dh83B8u123kwJAAAA","name":"a"},{"id":"qsbhEWV3jjWrxGeTAAAB","name":"b"}]
connect 4w5PzBnFDvKeDIYLAAAC
join c
users [{"id":"ZF8Dh83B8u123kwJAAAA","name":"a"},{"id":"qsbhEWV3jjWrxGeTAAAB","name":"b"},{"id":"4w5PzBnFDvKeDIYLAAAC","name":"c"}]
leave 4w5PzBnFDvKeDIYLAAAC
connect SlHYHrmTsN8MV_ypAAAA
connect 6KKiacADqbIAx-xoAAAB
leave SlHYHrmTsN8MV_ypAAAA
users []
join a
users [{"id":"6KKiacADqbIAx-xoAAAB","name":"a"}]
connect KHYZ4klSzX0jcmN6AAAC
connect b4E9MmnT_yKOhjl0AAAD
join a
users [{"id":"6KKiacADqbIAx-xoAAAB","name":"a"}]
join v
users [{"id":"6KKiacADqbIAx-xoAAAB","name":"a"},{"id":"KHYZ4klSzX0jcmN6AAAC","name":"v"}]
leave b4E9MmnT_yKOhjl0AAAD
users [{"id":"6KKiacADqbIAx-xoAAAB","name":"a"},{"id":"KHYZ4klSzX0jcmN6AAAC","name":"v"}]
connect -QOOXYwlF-cW8TN7AAAE
join c
users [{"id":"6KKiacADqbIAx-xoAAAB","name":"a"},{"id":"KHYZ4klSzX0jcmN6AAAC","name":"v"},{"id":"-QOOXYwlF-cW8TN7AAAE","name":"c"}]
leave -QOOXYwlF-cW8TN7AAAE
connect TitpxglCkqQHkesdAAAA
connect HOZZWqDm4C41l9-TAAAB
connect HyQQv5gBtJJE-R63AAAA
connect xLxgtQKJE3nJIBe1AAAB
leave HyQQv5gBtJJE-R63AAAA
after 1 []
after 2 []
connect 6W64n1ssElnkKQyZAAAC
join a
users [{"id":"xLxgtQKJE3nJIBe1AAAB","name":"a"}]
join b
users [{"id":"xLxgtQKJE3nJIBe1AAAB","name":"a"},{"id":"6W64n1ssElnkKQyZAAAC","name":"b"}]
leave 6W64n1ssElnkKQyZAAAC
after 1 [{"id":"xLxgtQKJE3nJIBe1AAAB","name":"a"},{"id":"6W64n1ssElnkKQyZAAAC","name":"b"}]
after 2 [{"id":"xLxgtQKJE3nJIBe1AAAB","name":"a"},{"id":"6W64n1ssElnkKQyZAAAC","name":"b"}]
connect cFVhn6nbLvhCFEDQAAAA
connect 6lwbZ8-9EK9OlLQIAAAA
leave 6lwbZ8-9EK9OlLQIAAAA
after 1 []
after 2 []
after 3 []
connect 9TCV1L4QyrPfz-47AAAB
join a
users [{"id":"9TCV1L4QyrPfz-47AAAB","name":"a"}]
connect 0sB25LUFo3E8DvG6AAAC
join v
users [{"id":"9TCV1L4QyrPfz-47AAAB","name":"a"},{"id":"0sB25LUFo3E8DvG6AAAC","name":"v"}]
leave 0sB25LUFo3E8DvG6AAAC
after 1 [{"id":"9TCV1L4QyrPfz-47AAAB","name":"a"},{"id":"0sB25LUFo3E8DvG6AAAC","name":"v"}]
after 2 [{"id":"9TCV1L4QyrPfz-47AAAB","name":"a"},{"id":"0sB25LUFo3E8DvG6AAAC","name":"v"}]
connect wGERKBQ1Hw6FzcaiAAAA
connect eWr5DAPw4d12WU5RAAAA
connect StnK7RaantarNWWEAAAB
leave eWr5DAPw4d12WU5RAAAA
after 1 []
after 2 []
after 3 []
connect QWxCDmJebLMZOBIWAAAC
leave StnK7RaantarNWWEAAAB
after 1 []
after 2 []
after 3 []
connect DUuwIp7x3vtF79oyAAAD
join a
users [{"id":"QWxCDmJebLMZOBIWAAAC","name":"a"}]
join b
users [{"id":"QWxCDmJebLMZOBIWAAAC","name":"a"},{"id":"DUuwIp7x3vtF79oyAAAD","name":"b"}]
leave DUuwIp7x3vtF79oyAAAD
after 1 [{"id":"QWxCDmJebLMZOBIWAAAC","name":"a"},{"id":"DUuwIp7x3vtF79oyAAAD","name":"b"}]
after 2 [{"id":"QWxCDmJebLMZOBIWAAAC","name":"a"},{"id":"DUuwIp7x3vtF79oyAAAD","name":"b"}]
after 3 [{"id":"QWxCDmJebLMZOBIWAAAC","name":"a"},{"id":"DUuwIp7x3vtF79oyAAAD","name":"b"}]
connect 7-ScTkntAcaC6XUMAAAA
leave 7-ScTkntAcaC6XUMAAAA
after 1 []
after 2 []
after 3 []
connect Eo0hYnxisXfmvgGhAAAB
connect qdlW3UCSVsjRF03ZAAAC
join a
users [{"id":"Eo0hYnxisXfmvgGhAAAB","name":"a"}]
join https://edipa.org/prj2/
users [{"id":"Eo0hYnxisXfmvgGhAAAB","name":"a"},{"id":"qdlW3UCSVsjRF03ZAAAC","name":"https://edipa.org/prj2/"}]
leave qdlW3UCSVsjRF03ZAAAC
after 1 [{"id":"Eo0hYnxisXfmvgGhAAAB","name":"a"},{"id":"qdlW3UCSVsjRF03ZAAAC","name":"https://edipa.org/prj2/"}]
after 2 [{"id":"Eo0hYnxisXfmvgGhAAAB","name":"a"},{"id":"qdlW3UCSVsjRF03ZAAAC","name":"https://edipa.org/prj2/"}]
after 3 [{"id":"Eo0hYnxisXfmvgGhAAAB","name":"a"}]
leave Eo0hYnxisXfmvgGhAAAB
after 1 [{"id":"Eo0hYnxisXfmvgGhAAAB","name":"a"}]
after 2 [{"id":"Eo0hYnxisXfmvgGhAAAB","name":"a"}]
after 3 []
connect kiK-bVdbrGX3i68AAAAD
join a
users [{"id":"kiK-bVdbrGX3i68AAAAD","name":"a"}]
connect xZWhVscpEvm31pbjAAAE
join v
users [{"id":"kiK-bVdbrGX3i68AAAAD","name":"a"},{"id":"xZWhVscpEvm31pbjAAAE","name":"v"}]
connect 9jsrGA-K_pK1x-vIAAAF
join c
users [{"id":"kiK-bVdbrGX3i68AAAAD","name":"a"},{"id":"xZWhVscpEvm31pbjAAAE","name":"v"},{"id":"9jsrGA-K_pK1x-vIAAAF","name":"c"}]
leave xZWhVscpEvm31pbjAAAE
after 1 [{"id":"kiK-bVdbrGX3i68AAAAD","name":"a"},{"id":"xZWhVscpEvm31pbjAAAE","name":"v"},{"id":"9jsrGA-K_pK1x-vIAAAF","name":"c"}]
after 2 [{"id":"kiK-bVdbrGX3i68AAAAD","name":"a"},{"id":"xZWhVscpEvm31pbjAAAE","name":"v"},{"id":"9jsrGA-K_pK1x-vIAAAF","name":"c"}]
after 3 [{"id":"kiK-bVdbrGX3i68AAAAD","name":"a"},{"id":"9jsrGA-K_pK1x-vIAAAF","name":"c"}]
leave 9jsrGA-K_pK1x-vIAAAF
after 1 [{"id":"kiK-bVdbrGX3i68AAAAD","name":"a"},{"id":"9jsrGA-K_pK1x-vIAAAF","name":"c"}]
after 2 [{"id":"kiK-bVdbrGX3i68AAAAD","name":"a"},{"id":"9jsrGA-K_pK1x-vIAAAF","name":"c"}]
after 3 [{"id":"kiK-bVdbrGX3i68AAAAD","name":"a"}]
connect MVZF3995m5oJwNaXAAAA
leave MVZF3995m5oJwNaXAAAA
after 3 []
connect vUUJzZ-5waK3NyWqAAAB
connect kU0GQsBvvSNhY74XAAAC
connect PCrA1l5Xd2ydRVxqAAAD
join a
users [{"id":"vUUJzZ-5waK3NyWqAAAB","name":"a","lead":false}]
join b
users [{"id":"vUUJzZ-5waK3NyWqAAAB","name":"a","lead":false},{"id":"kU0GQsBvvSNhY74XAAAC","name":"b","lead":false}]
join c
users [{"id":"vUUJzZ-5waK3NyWqAAAB","name":"a","lead":false},{"id":"kU0GQsBvvSNhY74XAAAC","name":"b","lead":false},{"id":"PCrA1l5Xd2ydRVxqAAAD","name":"c","lead":false}]
leave PCrA1l5Xd2ydRVxqAAAD
after 3 [{"id":"vUUJzZ-5waK3NyWqAAAB","name":"a","lead":false},{"id":"kU0GQsBvvSNhY74XAAAC","name":"b","lead":false}]
leave vUUJzZ-5waK3NyWqAAAB
after 3 [{"id":"kU0GQsBvvSNhY74XAAAC","name":"b","lead":false}]
connect kRo2S0d29zygT17UAAAA
leave kRo2S0d29zygT17UAAAA
after 3 []
connect Ii30hra-rxn3MpnkAAAB
connect bWyYic0GRlA33q7bAAAC
connect 0XKHDHpVm5lBmm0GAAAD
join a
users [{"id":"Ii30hra-rxn3MpnkAAAB","name":"a","lead":false}]
join b
users [{"id":"Ii30hra-rxn3MpnkAAAB","name":"a","lead":false},{"id":"bWyYic0GRlA33q7bAAAC","name":"b","lead":false}]
join c
users [{"id":"Ii30hra-rxn3MpnkAAAB","name":"a","lead":false},{"id":"bWyYic0GRlA33q7bAAAC","name":"b","lead":false},{"id":"0XKHDHpVm5lBmm0GAAAD","name":"c","lead":false}]
chalenge {"cnt":0,"skp":5,"cur":0,"nxt":5}
chalenge {"cnt":1,"skp":5,"cur":5,"nxt":10}
chalenge {"cnt":2,"skp":5,"cur":10,"nxt":15}
success head0XKHDHpVm5lBmm0GAAAD
connect kGF_cOOHe4-F4wLXAAAA
connect j5y5U1KsZaIGe2FUAAAB
connect caMN3tSHcu4S1ZeuAAAC
connect NIR5BtOCJ3iwW-5ZAAAA
connect DaIeAhZ50zG9U8X3AAAB
connect I5Xcw_ctMWG0CDdaAAAC
leave DaIeAhZ50zG9U8X3AAAB
after 3 []
connect OluzJVP55FHf5v6MAAAD
leave NIR5BtOCJ3iwW-5ZAAAA
after 3 []
connect SURH_z3LsnWWSZdqAAAE
leave I5Xcw_ctMWG0CDdaAAAC
after 3 []
connect oO-IC-k045DdHU4eAAAF
join a
users [{"id":"OluzJVP55FHf5v6MAAAD","name":"a","lead":false}]
join b
users [{"id":"OluzJVP55FHf5v6MAAAD","name":"a","lead":false},{"id":"SURH_z3LsnWWSZdqAAAE","name":"b","lead":false}]
join c
users [{"id":"OluzJVP55FHf5v6MAAAD","name":"a","lead":false},{"id":"SURH_z3LsnWWSZdqAAAE","name":"b","lead":false},{"id":"oO-IC-k045DdHU4eAAAF","name":"c","lead":false}]
chalenge {"cnt":0,"skp":5,"cur":0,"nxt":5}
chalenge {"cnt":1,"skp":5,"cur":5,"nxt":10}
chalenge {"cnt":2,"skp":5,"cur":10,"nxt":15}
success headSURH_z3LsnWWSZdqAAAE
users 1[{"id":"OluzJVP55FHf5v6MAAAD","name":"a","lead":false},{"id":"SURH_z3LsnWWSZdqAAAE","name":"b","lead":false},{"id":"oO-IC-k045DdHU4eAAAF","name":"c","lead":false}]
connect JNvmrIESVCm2VpKWAAAA
connect wlVeETPy8kpN1nslAAAB
connect LYB7eX_jnFfvuTBiAAAC
connect WtMyFEGyOO9t9bGdAAAA
connect dtBjXH2dMIH8C5vtAAAB
connect l_8I-hNIbSNChZBtAAAC
join a
users [{"id":"WtMyFEGyOO9t9bGdAAAA","name":"a","lead":false}]
join b
users [{"id":"WtMyFEGyOO9t9bGdAAAA","name":"b","lead":false}]
join c
users [{"id":"WtMyFEGyOO9t9bGdAAAA","name":"b","lead":false},{"id":"l_8I-hNIbSNChZBtAAAC","name":"c","lead":false}]
chalenge {"cnt":0,"skp":5,"cur":0,"nxt":5}
chalenge {"cnt":1,"skp":5,"cur":5,"nxt":10}
chalenge {"cnt":2,"skp":5,"cur":10,"nxt":15}
success headdtBjXH2dMIH8C5vtAAAB
users 1[{"id":"WtMyFEGyOO9t9bGdAAAA","name":"b","lead":false},{"id":"l_8I-hNIbSNChZBtAAAC","name":"c","lead":false}]
users 2[{"id":"WtMyFEGyOO9t9bGdAAAA","name":"b","lead":false},{"id":"l_8I-hNIbSNChZBtAAAC","name":"c","lead":false}]
connect Usut8w37Jb34v4jCAAAA
connect iE-rib8r-kB--4DIAAAB
connect dxa025kYnHpikQPdAAAC
leave Usut8w37Jb34v4jCAAAA
after 3 []
connect ya7vt8vd0Z2gtfxoAAAD
leave dxa025kYnHpikQPdAAAC
after 3 []
connect yWQ_sra5u4sP4S-tAAAE
leave iE-rib8r-kB--4DIAAAB
after 3 []
connect V9zyknaO4dNjKqDoAAAF
join a
users [{"id":"ya7vt8vd0Z2gtfxoAAAD","name":"a","lead":false}]
join b
users [{"id":"ya7vt8vd0Z2gtfxoAAAD","name":"a","lead":false},{"id":"yWQ_sra5u4sP4S-tAAAE","name":"b","lead":false}]
chalenge {"cnt":0,"skp":5,"cur":0,"nxt":5}
chalenge {"cnt":1,"skp":5,"cur":5,"nxt":10}
chalenge {"cnt":2,"skp":5,"cur":10,"nxt":15}
success headya7vt8vd0Z2gtfxoAAAD
users 1[{"id":"ya7vt8vd0Z2gtfxoAAAD","name":"a","lead":false},{"id":"yWQ_sra5u4sP4S-tAAAE","name":"b","lead":false}]
connect LjSB8XjTPT0yn1JmAAAA
connect hQ0iyPvTUMzKC_biAAAB
connect GSQD22i6GpaQAkxrAAAC
chalenge {"cnt":0,"skp":5,"cur":0,"nxt":5}
chalenge {"cnt":1,"skp":5,"cur":5,"nxt":10}
chalenge {"cnt":2,"skp":5,"cur":10,"nxt":15}
success headLjSB8XjTPT0yn1JmAAAA
users 1[]
connect zqWgNvwQ0WOr5f0cAAAA
connect g1Cq7u-JdMpplJCJAAAB
connect aPfJ7pHdq-KrB7_WAAAC
connect C4LfunxEaQi190giAAAA
connect wh213Z9GA1Q7F3d8AAAB
connect thXli49P8miJ5qzZAAAC
join a
users [{"id":"wh213Z9GA1Q7F3d8AAAB","name":"a","lead":false}]
chalenge {"cnt":0,"skp":5,"cur":0,"nxt":5}
chalenge {"cnt":1,"skp":5,"cur":5,"nxt":10}
chalenge {"cnt":2,"skp":5,"cur":10,"nxt":15}
success headwh213Z9GA1Q7F3d8AAAB
users 1[{"id":"wh213Z9GA1Q7F3d8AAAB","name":"a","lead":false}]
users 2[{"id":"wh213Z9GA1Q7F3d8AAAB","name":"a","lead":false}]
join b
users [{"id":"wh213Z9GA1Q7F3d8AAAB","name":"a","lead":false},{"id":"C4LfunxEaQi190giAAAA","name":"b","lead":false}]
join c
users [{"id":"wh213Z9GA1Q7F3d8AAAB","name":"a","lead":false},{"id":"C4LfunxEaQi190giAAAA","name":"b","lead":false},{"id":"thXli49P8miJ5qzZAAAC","name":"c","lead":false}]
chalenge {"cnt":0,"skp":5,"cur":0,"nxt":5}
chalenge {"cnt":1,"skp":5,"cur":5,"nxt":10}
chalenge {"cnt":2,"skp":5,"cur":10,"nxt":15}
success headthXli49P8miJ5qzZAAAC
users 1[{"id":"wh213Z9GA1Q7F3d8AAAB","name":"a","lead":false},{"id":"C4LfunxEaQi190giAAAA","name":"b","lead":false},{"id":"thXli49P8miJ5qzZAAAC","name":"c","lead":false}]
users 2[{"id":"wh213Z9GA1Q7F3d8AAAB","name":"a","lead":false},{"id":"C4LfunxEaQi190giAAAA","name":"b","lead":false},{"id":"thXli49P8miJ5qzZAAAC","name":"c","lead":false}]
leave C4LfunxEaQi190giAAAA
after 3 [{"id":"wh213Z9GA1Q7F3d8AAAB","name":"a","lead":false},{"id":"thXli49P8miJ5qzZAAAC","name":"c","lead":false}]
connect uZExAt7iej8czr1-AAAD
connect p8PH7vbDyHUva58qAAAA
connect YugVjI7c9xz07DU8AAAB
connect VT6Xz_2_HJS64NzmAAAC
join a
users [{"id":"p8PH7vbDyHUva58qAAAA","name":"a","lead":false}]
join b
users [{"id":"p8PH7vbDyHUva58qAAAA","name":"a","lead":false},{"id":"YugVjI7c9xz07DU8AAAB","name":"b","lead":false}]
join c
users [{"id":"p8PH7vbDyHUva58qAAAA","name":"a","lead":false},{"id":"YugVjI7c9xz07DU8AAAB","name":"b","lead":false},{"id":"VT6Xz_2_HJS64NzmAAAC","name":"c","lead":false}]
chalenge {"cnt":0,"skp":5,"cur":0,"nxt":5}
chalenge {"cnt":1,"skp":5,"cur":5,"nxt":10}
chalenge {"cnt":2,"skp":5,"cur":10,"nxt":11}
chalenge {"cnt":0,"skp":5,"cur":10,"nxt":5}
chalenge {"cnt":0,"skp":5,"cur":10,"nxt":10}
chalenge {"cnt":0,"skp":5,"cur":10,"nxt":15}
chalenge {"cnt":1,"skp":5,"cur":15,"nxt":1}
chalenge {"cnt":0,"skp":5,"cur":15,"nxt":5}
chalenge {"cnt":0,"skp":5,"cur":15,"nxt":10}
connect 8_C3bTxFuypV53KsAAAA
connect OS1_aNEsyGZwNu43AAAB
connect -yeC9qMdBOzes6VVAAAC
join a
users [{"id":"-yeC9qMdBOzes6VVAAAC","name":"a","lead":false}]
join b
users [{"id":"-yeC9qMdBOzes6VVAAAC","name":"a","lead":false},{"id":"8_C3bTxFuypV53KsAAAA","name":"b","lead":false}]
join c
users [{"id":"-yeC9qMdBOzes6VVAAAC","name":"a","lead":false},{"id":"8_C3bTxFuypV53KsAAAA","name":"b","lead":false},{"id":"OS1_aNEsyGZwNu43AAAB","name":"c","lead":false}]
chalenge {"cnt":0,"skp":5,"cur":0,"nxt":5}
chalenge {"cnt":1,"skp":5,"cur":5,"nxt":10}
chalenge {"cnt":2,"skp":5,"cur":10,"nxt":15}
success head: OS1_aNEsyGZwNu43AAAB
users 1[{"id":"-yeC9qMdBOzes6VVAAAC","name":"a","lead":false},{"id":"8_C3bTxFuypV53KsAAAA","name":"b","lead":false},{"id":"OS1_aNEsyGZwNu43AAAB","name":"c","lead":false}]
users 2[{"id":"-yeC9qMdBOzes6VVAAAC","name":"a","lead":false},{"id":"8_C3bTxFuypV53KsAAAA","name":"b","lead":false},{"id":"OS1_aNEsyGZwNu43AAAB","name":"c","lead":false}]
connect N1JK_G1PpEOreuTVAAAA
connect MsQve0GAJuFbEkeYAAAB
connect FTvx1Q1PFBLmoPOAAAAC
join a
users [{"id":"MsQve0GAJuFbEkeYAAAB","name":"a","lead":false}]
join A
users [{"id":"MsQve0GAJuFbEkeYAAAB","name":"a","lead":false},{"id":"N1JK_G1PpEOreuTVAAAA","name":"A","lead":false}]
join b
users [{"id":"MsQve0GAJuFbEkeYAAAB","name":"b","lead":false},{"id":"N1JK_G1PpEOreuTVAAAA","name":"A","lead":false}]
join c
users [{"id":"MsQve0GAJuFbEkeYAAAB","name":"b","lead":false},{"id":"N1JK_G1PpEOreuTVAAAA","name":"A","lead":false},{"id":"FTvx1Q1PFBLmoPOAAAAC","name":"c","lead":false}]
chalenge {"cnt":0,"skp":5,"cur":0,"nxt":5}
chalenge {"cnt":1,"skp":5,"cur":5,"nxt":10}
chalenge {"cnt":2,"skp":5,"cur":10,"nxt":15}
success head: FTvx1Q1PFBLmoPOAAAAC
found lead: FTvx1Q1PFBLmoPOAAAAC
users 1[{"id":"MsQve0GAJuFbEkeYAAAB","name":"b","lead":false},{"id":"N1JK_G1PpEOreuTVAAAA","name":"A","lead":false},{"id":"FTvx1Q1PFBLmoPOAAAAC","name":"c","lead":false}]
users 2[{"id":"MsQve0GAJuFbEkeYAAAB","name":"b","lead":false},{"id":"N1JK_G1PpEOreuTVAAAA","name":"A","lead":false},{"id":"FTvx1Q1PFBLmoPOAAAAC","name":"c","lead":false}]
connect th68h9ogQS3r_o2WAAAA
connect 083jKjvFNMUCv19fAAAB
connect ndNUqnfQ_Jt6ExexAAAC
join a
users [{"id":"ndNUqnfQ_Jt6ExexAAAC","name":"a","lead":false}]
join b
users [{"id":"ndNUqnfQ_Jt6ExexAAAC","name":"a","lead":false},{"id":"th68h9ogQS3r_o2WAAAA","name":"b","lead":false}]
join c
users [{"id":"ndNUqnfQ_Jt6ExexAAAC","name":"a","lead":false},{"id":"th68h9ogQS3r_o2WAAAA","name":"b","lead":false},{"id":"083jKjvFNMUCv19fAAAB","name":"c","lead":false}]
chalenge {"cnt":0,"skp":5,"cur":0,"nxt":5}
chalenge {"cnt":1,"skp":5,"cur":5,"nxt":10}
chalenge {"cnt":2,"skp":5,"cur":10,"nxt":15}
success head: 083jKjvFNMUCv19fAAAB
found lead: 083jKjvFNMUCv19fAAAB
users 1[{"id":"ndNUqnfQ_Jt6ExexAAAC","name":"a","lead":false},{"id":"th68h9ogQS3r_o2WAAAA","name":"b","lead":false},{"id":"083jKjvFNMUCv19fAAAB","name":"c","lead":true}]
users 2[{"id":"ndNUqnfQ_Jt6ExexAAAC","name":"a","lead":false},{"id":"th68h9ogQS3r_o2WAAAA","name":"b","lead":false},{"id":"083jKjvFNMUCv19fAAAB","name":"c","lead":true}]
connect dOFuE03rHm8Q8_c_AAAA
connect K0y-9BbHJwskW_Z-AAAB
connect ed2wJaAEr2eew66CAAAC
join a
users [{"id":"K0y-9BbHJwskW_Z-AAAB","name":"a","lead":false}]
join b
users [{"id":"K0y-9BbHJwskW_Z-AAAB","name":"a","lead":false},{"id":"ed2wJaAEr2eew66CAAAC","name":"b","lead":false}]
join c
users [{"id":"K0y-9BbHJwskW_Z-AAAB","name":"a","lead":false},{"id":"ed2wJaAEr2eew66CAAAC","name":"b","lead":false},{"id":"dOFuE03rHm8Q8_c_AAAA","name":"c","lead":false}]
chalenge {"cnt":0,"skp":5,"cur":0,"nxt":5}
chalenge {"cnt":1,"skp":5,"cur":5,"nxt":10}
chalenge {"cnt":2,"skp":5,"cur":10,"nxt":15}
success head: dOFuE03rHm8Q8_c_AAAA
found lead: dOFuE03rHm8Q8_c_AAAA
users 1[{"id":"K0y-9BbHJwskW_Z-AAAB","name":"a","lead":false},{"id":"ed2wJaAEr2eew66CAAAC","name":"b","lead":false},{"id":"dOFuE03rHm8Q8_c_AAAA","name":"c","lead":true}]
users 2[{"id":"K0y-9BbHJwskW_Z-AAAB","name":"a","lead":false},{"id":"ed2wJaAEr2eew66CAAAC","name":"b","lead":false},{"id":"dOFuE03rHm8Q8_c_AAAA","name":"c","lead":true}]
chalenge {"cnt":0,"skp":5,"cur":0,"nxt":5}
chalenge {"cnt":1,"skp":5,"cur":5,"nxt":10}
chalenge {"cnt":2,"skp":5,"cur":10,"nxt":15}
success head: K0y-9BbHJwskW_Z-AAAB
found lead: K0y-9BbHJwskW_Z-AAAB
users 1[{"id":"K0y-9BbHJwskW_Z-AAAB","name":"a","lead":true},{"id":"ed2wJaAEr2eew66CAAAC","name":"b","lead":false},{"id":"dOFuE03rHm8Q8_c_AAAA","name":"c","lead":false}]
users 2[{"id":"K0y-9BbHJwskW_Z-AAAB","name":"a","lead":true},{"id":"ed2wJaAEr2eew66CAAAC","name":"b","lead":false},{"id":"dOFuE03rHm8Q8_c_AAAA","name":"c","lead":false}]
chalenge {"cnt":0,"skp":5,"cur":0,"nxt":5}
chalenge {"cnt":1,"skp":5,"cur":5,"nxt":10}
chalenge {"cnt":2,"skp":5,"cur":10,"nxt":15}
success head: ed2wJaAEr2eew66CAAAC
found lead: ed2wJaAEr2eew66CAAAC
users 1[{"id":"K0y-9BbHJwskW_Z-AAAB","name":"a","lead":false},{"id":"ed2wJaAEr2eew66CAAAC","name":"b","lead":true},{"id":"dOFuE03rHm8Q8_c_AAAA","name":"c","lead":false}]
users 2[{"id":"K0y-9BbHJwskW_Z-AAAB","name":"a","lead":false},{"id":"ed2wJaAEr2eew66CAAAC","name":"b","lead":true},{"id":"dOFuE03rHm8Q8_c_AAAA","name":"c","lead":false}]
leave dOFuE03rHm8Q8_c_AAAA
after 3 [{"id":"K0y-9BbHJwskW_Z-AAAB","name":"a","lead":false},{"id":"ed2wJaAEr2eew66CAAAC","name":"b","lead":true}]
connect AqNVqMSKkEojZ8qsAAAD
connect rLEcMCaGqkhoiypNAAAA
connect LzItHmT-GKd5pLQuAAAB
connect Ljlui79XpQzFmqmFAAAC
chalenge {"cnt":0,"skp":5,"cur":0,"nxt":1}
chalenge {"cnt":0,"skp":5,"cur":0,"nxt":2}
chalenge {"cnt":0,"skp":5,"cur":0,"nxt":3}
chalenge {"cnt":0,"skp":5,"cur":0,"nxt":5}
chalenge {"cnt":1,"skp":5,"cur":5,"nxt":10}
chalenge {"cnt":2,"skp":5,"cur":10,"nxt":15}
success head: LzItHmT-GKd5pLQuAAAB
users 1[]
users 2[]
leave LzItHmT-GKd5pLQuAAAB
after 3 []
connect w3u7v_2J9k-aTaypAAAD
join c
users [{"id":"w3u7v_2J9k-aTaypAAAD","name":"c","lead":false}]
leave Ljlui79XpQzFmqmFAAAC
after 3 [{"id":"w3u7v_2J9k-aTaypAAAD","name":"c","lead":false}]
connect D3XVE3Xoaw6jJPlJAAAE
join c
users [{"id":"w3u7v_2J9k-aTaypAAAD","name":"c","lead":false},{"id":"D3XVE3Xoaw6jJPlJAAAE","name":"c","lead":false}]
leave rLEcMCaGqkhoiypNAAAA
after 3 [{"id":"w3u7v_2J9k-aTaypAAAD","name":"c","lead":false},{"id":"D3XVE3Xoaw6jJPlJAAAE","name":"c","lead":false}]
connect _XvUUHnA4aFB17WOAAAF
join c
users [{"id":"w3u7v_2J9k-aTaypAAAD","name":"c","lead":false},{"id":"D3XVE3Xoaw6jJPlJAAAE","name":"c","lead":false},{"id":"_XvUUHnA4aFB17WOAAAF","name":"c","lead":false}]
leave w3u7v_2J9k-aTaypAAAD
after 3 [{"id":"D3XVE3Xoaw6jJPlJAAAE","name":"c","lead":false},{"id":"_XvUUHnA4aFB17WOAAAF","name":"c","lead":false}]
connect bDQw9FPhr-iSookbAAAG
join c
users [{"id":"D3XVE3Xoaw6jJPlJAAAE","name":"c","lead":false},{"id":"_XvUUHnA4aFB17WOAAAF","name":"c","lead":false},{"id":"bDQw9FPhr-iSookbAAAG","name":"c","lead":false}]
chalenge {"cnt":0,"skp":5,"cur":0,"nxt":5}
chalenge {"cnt":1,"skp":5,"cur":5,"nxt":10}
chalenge {"cnt":2,"skp":5,"cur":10,"nxt":15}
success head: D3XVE3Xoaw6jJPlJAAAE
found lead: D3XVE3Xoaw6jJPlJAAAE
users 1[{"id":"D3XVE3Xoaw6jJPlJAAAE","name":"c","lead":true},{"id":"_XvUUHnA4aFB17WOAAAF","name":"c","lead":false},{"id":"bDQw9FPhr-iSookbAAAG","name":"c","lead":false}]
users 2[{"id":"D3XVE3Xoaw6jJPlJAAAE","name":"c","lead":true},{"id":"_XvUUHnA4aFB17WOAAAF","name":"c","lead":false},{"id":"bDQw9FPhr-iSookbAAAG","name":"c","lead":false}]
chalenge {"cnt":0,"skp":5,"cur":0,"nxt":5}
chalenge {"cnt":1,"skp":5,"cur":5,"nxt":10}
chalenge {"cnt":2,"skp":5,"cur":10,"nxt":15}
success head: _XvUUHnA4aFB17WOAAAF
found lead: _XvUUHnA4aFB17WOAAAF
users 1[{"id":"D3XVE3Xoaw6jJPlJAAAE","name":"c","lead":false},{"id":"_XvUUHnA4aFB17WOAAAF","name":"c","lead":true},{"id":"bDQw9FPhr-iSookbAAAG","name":"c","lead":false}]
users 2[{"id":"D3XVE3Xoaw6jJPlJAAAE","name":"c","lead":false},{"id":"_XvUUHnA4aFB17WOAAAF","name":"c","lead":true},{"id":"bDQw9FPhr-iSookbAAAG","name":"c","lead":false}]
request a ไทย
connect -aqdcxKkeYyRsv5BAAAA
join c
users [{"id":"-aqdcxKkeYyRsv5BAAAA","name":"c","lead":false}]
connect TCTN_5ZRYopHRYciAAAB
connect 97uZAnmhBCIgLSdeAAAC
join c
users [{"id":"-aqdcxKkeYyRsv5BAAAA","name":"c","lead":false},{"id":"TCTN_5ZRYopHRYciAAAB","name":"c","lead":false}]
join c
users [{"id":"-aqdcxKkeYyRsv5BAAAA","name":"c","lead":false},{"id":"TCTN_5ZRYopHRYciAAAB","name":"c","lead":false},{"id":"97uZAnmhBCIgLSdeAAAC","name":"c","lead":false}]
join a
users [{"id":"-aqdcxKkeYyRsv5BAAAA","name":"a","lead":false},{"id":"TCTN_5ZRYopHRYciAAAB","name":"c","lead":false},{"id":"97uZAnmhBCIgLSdeAAAC","name":"c","lead":false}]
join b
users [{"id":"-aqdcxKkeYyRsv5BAAAA","name":"a","lead":false},{"id":"TCTN_5ZRYopHRYciAAAB","name":"b","lead":false},{"id":"97uZAnmhBCIgLSdeAAAC","name":"c","lead":false}]
chalenge {"cnt":0,"skp":5,"cur":0,"nxt":5}
chalenge {"cnt":1,"skp":5,"cur":5,"nxt":10}
chalenge {"cnt":2,"skp":5,"cur":10,"nxt":15}
success head: 97uZAnmhBCIgLSdeAAAC
found lead: 97uZAnmhBCIgLSdeAAAC
users 1[{"id":"-aqdcxKkeYyRsv5BAAAA","name":"a","lead":false},{"id":"TCTN_5ZRYopHRYciAAAB","name":"b","lead":false},{"id":"97uZAnmhBCIgLSdeAAAC","name":"c","lead":true}]
users 2[{"id":"-aqdcxKkeYyRsv5BAAAA","name":"a","lead":false},{"id":"TCTN_5ZRYopHRYciAAAB","name":"b","lead":false},{"id":"97uZAnmhBCIgLSdeAAAC","name":"c","lead":true}]
chalenge {"cnt":0,"skp":5,"cur":0,"nxt":5}
chalenge {"cnt":1,"skp":5,"cur":5,"nxt":10}
chalenge {"cnt":2,"skp":5,"cur":10,"nxt":15}
success head: -aqdcxKkeYyRsv5BAAAA
found lead: -aqdcxKkeYyRsv5BAAAA
users 1[{"id":"-aqdcxKkeYyRsv5BAAAA","name":"a","lead":true},{"id":"TCTN_5ZRYopHRYciAAAB","name":"b","lead":false},{"id":"97uZAnmhBCIgLSdeAAAC","name":"c","lead":false}]
users 2[{"id":"-aqdcxKkeYyRsv5BAAAA","name":"a","lead":true},{"id":"TCTN_5ZRYopHRYciAAAB","name":"b","lead":false},{"id":"97uZAnmhBCIgLSdeAAAC","name":"c","lead":false}]
request 2
request 2
connect rjFbLycAePJVPU_1AAAA
connect oVWnvLAiYOAXmvwiAAAB
connect vFNPOQf8K3pxi9krAAAC
join c
users [{"id":"rjFbLycAePJVPU_1AAAA","name":"c","lead":false}]
users 2[{"id":"rjFbLycAePJVPU_1AAAA","name":"c","lead":false}]
join a
users [{"id":"rjFbLycAePJVPU_1AAAA","name":"c","lead":false},{"id":"vFNPOQf8K3pxi9krAAAC","name":"a","lead":false}]
users 2[{"id":"rjFbLycAePJVPU_1AAAA","name":"c","lead":false},{"id":"vFNPOQf8K3pxi9krAAAC","name":"a","lead":false}]
join b
users [{"id":"rjFbLycAePJVPU_1AAAA","name":"c","lead":false},{"id":"vFNPOQf8K3pxi9krAAAC","name":"a","lead":false},{"id":"oVWnvLAiYOAXmvwiAAAB","name":"b","lead":false}]
users 2[{"id":"rjFbLycAePJVPU_1AAAA","name":"c","lead":false},{"id":"vFNPOQf8K3pxi9krAAAC","name":"a","lead":false},{"id":"oVWnvLAiYOAXmvwiAAAB","name":"b","lead":false}]
chalenge {"cnt":0,"skp":5,"cur":0,"nxt":5}
chalenge {"cnt":1,"skp":5,"cur":5,"nxt":10}
chalenge {"cnt":2,"skp":5,"cur":10,"nxt":15}
success head: rjFbLycAePJVPU_1AAAA
found lead: rjFbLycAePJVPU_1AAAA
users 2[{"id":"rjFbLycAePJVPU_1AAAA","name":"c","lead":true},{"id":"vFNPOQf8K3pxi9krAAAC","name":"a","lead":false},{"id":"oVWnvLAiYOAXmvwiAAAB","name":"b","lead":false}]
chalenge {"cnt":0,"skp":5,"cur":0,"nxt":5}
chalenge {"cnt":1,"skp":5,"cur":5,"nxt":10}
chalenge {"cnt":2,"skp":5,"cur":10,"nxt":15}
success head: oVWnvLAiYOAXmvwiAAAB
found lead: oVWnvLAiYOAXmvwiAAAB
users 2[{"id":"rjFbLycAePJVPU_1AAAA","name":"c","lead":false},{"id":"vFNPOQf8K3pxi9krAAAC","name":"a","lead":false},{"id":"oVWnvLAiYOAXmvwiAAAB","name":"b","lead":true}]
users 2[{"id":"rjFbLycAePJVPU_1AAAA","name":"c","lead":false},{"id":"vFNPOQf8K3pxi9krAAAC","name":"a","lead":false},{"id":"oVWnvLAiYOAXmvwiAAAB","name":"b","lead":true,"a":"ไทย"}]
request 2
users 2[{"id":"rjFbLycAePJVPU_1AAAA","name":"c","lead":false,"a":"ตรวจสอบ"},{"id":"vFNPOQf8K3pxi9krAAAC","name":"a","lead":false},{"id":"oVWnvLAiYOAXmvwiAAAB","name":"b","lead":true,"a":"ไทย"}]
request 2
leave vFNPOQf8K3pxi9krAAAC
after 3 [{"id":"rjFbLycAePJVPU_1AAAA","name":"c","lead":false,"a":"ตรวจสอบ"},{"id":"oVWnvLAiYOAXmvwiAAAB","name":"b","lead":true,"a":"ไทย"}]
users 2[{"id":"rjFbLycAePJVPU_1AAAA","name":"c","lead":false,"a":"ตรวจสอบ"},{"id":"oVWnvLAiYOAXmvwiAAAB","name":"b","lead":true,"a":"ไทย"}]
connect 9jBiBG1i6yldsyU7AAAD
join a
users [{"id":"rjFbLycAePJVPU_1AAAA","name":"c","lead":false,"a":"ตรวจสอบ"},{"id":"oVWnvLAiYOAXmvwiAAAB","name":"b","lead":true,"a":"ไทย"},{"id":"9jBiBG1i6yldsyU7AAAD","name":"a","lead":false}]
users 2[{"id":"rjFbLycAePJVPU_1AAAA","name":"c","lead":false,"a":"ตรวจสอบ"},{"id":"oVWnvLAiYOAXmvwiAAAB","name":"b","lead":true,"a":"ไทย"},{"id":"9jBiBG1i6yldsyU7AAAD","name":"a","lead":false}]
connect TZ5geTzv1T0uCdUvAAAA
join c
users [{"id":"TZ5geTzv1T0uCdUvAAAA","name":"c","lead":false}]
users 2[{"id":"TZ5geTzv1T0uCdUvAAAA","name":"c","lead":false}]
connect p899qzVaQKVCfIqXAAAB
connect 4lxRJQKE1gUHzqbIAAAC
join b
users [{"id":"TZ5geTzv1T0uCdUvAAAA","name":"c","lead":false},{"id":"p899qzVaQKVCfIqXAAAB","name":"b","lead":false}]
users 2[{"id":"TZ5geTzv1T0uCdUvAAAA","name":"c","lead":false},{"id":"p899qzVaQKVCfIqXAAAB","name":"b","lead":false}]
join a
users [{"id":"TZ5geTzv1T0uCdUvAAAA","name":"c","lead":false},{"id":"p899qzVaQKVCfIqXAAAB","name":"b","lead":false},{"id":"4lxRJQKE1gUHzqbIAAAC","name":"a","lead":false}]
users 2[{"id":"TZ5geTzv1T0uCdUvAAAA","name":"c","lead":false},{"id":"p899qzVaQKVCfIqXAAAB","name":"b","lead":false},{"id":"4lxRJQKE1gUHzqbIAAAC","name":"a","lead":false}]
chalenge {"cnt":0,"skp":5,"cur":0,"nxt":5}
chalenge {"cnt":1,"skp":5,"cur":5,"nxt":10}
chalenge {"cnt":2,"skp":5,"cur":10,"nxt":15}
success head: TZ5geTzv1T0uCdUvAAAA
found lead: TZ5geTzv1T0uCdUvAAAA
users 2[{"id":"TZ5geTzv1T0uCdUvAAAA","name":"c","lead":true},{"id":"p899qzVaQKVCfIqXAAAB","name":"b","lead":false},{"id":"4lxRJQKE1gUHzqbIAAAC","name":"a","lead":false}]
users 2[{"id":"TZ5geTzv1T0uCdUvAAAA","name":"c","lead":true},{"id":"p899qzVaQKVCfIqXAAAB","name":"b","lead":false},{"id":"4lxRJQKE1gUHzqbIAAAC","name":"a","lead":false}]
request 2
users 2[{"id":"TZ5geTzv1T0uCdUvAAAA","name":"c","lead":true},{"id":"p899qzVaQKVCfIqXAAAB","name":"b","lead":false},{"id":"4lxRJQKE1gUHzqbIAAAC","name":"a","lead":false}]
request 2
users 2[{"id":"TZ5geTzv1T0uCdUvAAAA","name":"c","lead":true},{"id":"p899qzVaQKVCfIqXAAAB","name":"b","lead":false},{"id":"4lxRJQKE1gUHzqbIAAAC","name":"a","lead":false}]
request 2
users 2[{"id":"TZ5geTzv1T0uCdUvAAAA","name":"c","lead":true},{"id":"p899qzVaQKVCfIqXAAAB","name":"b","lead":false},{"id":"4lxRJQKE1gUHzqbIAAAC","name":"a","lead":false,"a":"c"}]
request 2
users 2[{"id":"TZ5geTzv1T0uCdUvAAAA","name":"c","lead":true},{"id":"p899qzVaQKVCfIqXAAAB","name":"b","lead":false},{"id":"4lxRJQKE1gUHzqbIAAAC","name":"a","lead":false,"a":"c","q":"x"}]
request 2
connect 9aF7Dz7zuWjU7rUvAAAA
connect EzBYAlZXwrIhgHu7AAAB
connect Eyf1-m6mu6Z_BzglAAAC
join b
users [{"id":"9aF7Dz7zuWjU7rUvAAAA","name":"b","lead":false}]
users 2[{"id":"9aF7Dz7zuWjU7rUvAAAA","name":"b","lead":false}]
join a
users [{"id":"9aF7Dz7zuWjU7rUvAAAA","name":"b","lead":false},{"id":"EzBYAlZXwrIhgHu7AAAB","name":"a","lead":false}]
users 2[{"id":"9aF7Dz7zuWjU7rUvAAAA","name":"b","lead":false},{"id":"EzBYAlZXwrIhgHu7AAAB","name":"a","lead":false}]
join c
users [{"id":"9aF7Dz7zuWjU7rUvAAAA","name":"b","lead":false},{"id":"EzBYAlZXwrIhgHu7AAAB","name":"a","lead":false},{"id":"Eyf1-m6mu6Z_BzglAAAC","name":"c","lead":false}]
users 2[{"id":"9aF7Dz7zuWjU7rUvAAAA","name":"b","lead":false},{"id":"EzBYAlZXwrIhgHu7AAAB","name":"a","lead":false},{"id":"Eyf1-m6mu6Z_BzglAAAC","name":"c","lead":false}]
users 2[{"id":"9aF7Dz7zuWjU7rUvAAAA","name":"b","lead":false},{"id":"EzBYAlZXwrIhgHu7AAAB","name":"a","lead":false},{"id":"Eyf1-m6mu6Z_BzglAAAC","name":"c","lead":false,"a":"x"}]
request 2
users 2[{"id":"9aF7Dz7zuWjU7rUvAAAA","name":"b","lead":false},{"id":"EzBYAlZXwrIhgHu7AAAB","name":"a","lead":false,"a":"b"},{"id":"Eyf1-m6mu6Z_BzglAAAC","name":"c","lead":false,"a":"x"}]
request 2
users 2[{"id":"9aF7Dz7zuWjU7rUvAAAA","name":"b","lead":false},{"id":"EzBYAlZXwrIhgHu7AAAB","name":"a","lead":false,"a":"b","q":"คำถาม"},{"id":"Eyf1-m6mu6Z_BzglAAAC","name":"c","lead":false,"a":"x"}]
request 2
users 2[{"id":"9aF7Dz7zuWjU7rUvAAAA","name":"b","lead":false,"g":"git"},{"id":"EzBYAlZXwrIhgHu7AAAB","name":"a","lead":false,"a":"b","q":"คำถาม"},{"id":"Eyf1-m6mu6Z_BzglAAAC","name":"c","lead":false,"a":"x"}]
request 2
leave EzBYAlZXwrIhgHu7AAAB
after 3 [{"id":"9aF7Dz7zuWjU7rUvAAAA","name":"b","lead":false,"g":"git"},{"id":"Eyf1-m6mu6Z_BzglAAAC","name":"c","lead":false,"a":"x"}]
users 2[{"id":"9aF7Dz7zuWjU7rUvAAAA","name":"b","lead":false,"g":"git"},{"id":"Eyf1-m6mu6Z_BzglAAAC","name":"c","lead":false,"a":"x"}]
connect LBziNGaoWxJMBXHtAAAD
join a
users [{"id":"9aF7Dz7zuWjU7rUvAAAA","name":"b","lead":false,"g":"git"},{"id":"Eyf1-m6mu6Z_BzglAAAC","name":"c","lead":false,"a":"x"},{"id":"LBziNGaoWxJMBXHtAAAD","name":"a","lead":false}]
users 2[{"id":"9aF7Dz7zuWjU7rUvAAAA","name":"b","lead":false,"g":"git"},{"id":"Eyf1-m6mu6Z_BzglAAAC","name":"c","lead":false,"a":"x"},{"id":"LBziNGaoWxJMBXHtAAAD","name":"a","lead":false}]
leave Eyf1-m6mu6Z_BzglAAAC
after 3 [{"id":"9aF7Dz7zuWjU7rUvAAAA","name":"b","lead":false,"g":"git"},{"id":"LBziNGaoWxJMBXHtAAAD","name":"a","lead":false}]
users 2[{"id":"9aF7Dz7zuWjU7rUvAAAA","name":"b","lead":false,"g":"git"},{"id":"LBziNGaoWxJMBXHtAAAD","name":"a","lead":false}]
connect iuvG1oP3QFSKs9hCAAAE
join c
users [{"id":"9aF7Dz7zuWjU7rUvAAAA","name":"b","lead":false,"g":"git"},{"id":"LBziNGaoWxJMBXHtAAAD","name":"a","lead":false},{"id":"iuvG1oP3QFSKs9hCAAAE","name":"c","lead":false}]
users 2[{"id":"9aF7Dz7zuWjU7rUvAAAA","name":"b","lead":false,"g":"git"},{"id":"LBziNGaoWxJMBXHtAAAD","name":"a","lead":false},{"id":"iuvG1oP3QFSKs9hCAAAE","name":"c","lead":false}]
leave iuvG1oP3QFSKs9hCAAAE
after 3 [{"id":"9aF7Dz7zuWjU7rUvAAAA","name":"b","lead":false,"g":"git"},{"id":"LBziNGaoWxJMBXHtAAAD","name":"a","lead":false}]
users 2[{"id":"9aF7Dz7zuWjU7rUvAAAA","name":"b","lead":false,"g":"git"},{"id":"LBziNGaoWxJMBXHtAAAD","name":"a","lead":false}]
connect L9E7UwJM6ulU7FsJAAAF
join c
users [{"id":"9aF7Dz7zuWjU7rUvAAAA","name":"b","lead":false,"g":"git"},{"id":"LBziNGaoWxJMBXHtAAAD","name":"a","lead":false},{"id":"L9E7UwJM6ulU7FsJAAAF","name":"c","lead":false}]
users 2[{"id":"9aF7Dz7zuWjU7rUvAAAA","name":"b","lead":false,"g":"git"},{"id":"LBziNGaoWxJMBXHtAAAD","name":"a","lead":false},{"id":"L9E7UwJM6ulU7FsJAAAF","name":"c","lead":false}]
leave L9E7UwJM6ulU7FsJAAAF
after 3 [{"id":"9aF7Dz7zuWjU7rUvAAAA","name":"b","lead":false,"g":"git"},{"id":"LBziNGaoWxJMBXHtAAAD","name":"a","lead":false}]
users 2[{"id":"9aF7Dz7zuWjU7rUvAAAA","name":"b","lead":false,"g":"git"},{"id":"LBziNGaoWxJMBXHtAAAD","name":"a","lead":false}]
connect jSPfHyxcfn6VcPgZAAAG
join c
users [{"id":"9aF7Dz7zuWjU7rUvAAAA","name":"b","lead":false,"g":"git"},{"id":"LBziNGaoWxJMBXHtAAAD","name":"a","lead":false},{"id":"jSPfHyxcfn6VcPgZAAAG","name":"c","lead":false}]
users 2[{"id":"9aF7Dz7zuWjU7rUvAAAA","name":"b","lead":false,"g":"git"},{"id":"LBziNGaoWxJMBXHtAAAD","name":"a","lead":false},{"id":"jSPfHyxcfn6VcPgZAAAG","name":"c","lead":false}]
leave LBziNGaoWxJMBXHtAAAD
after 3 [{"id":"9aF7Dz7zuWjU7rUvAAAA","name":"b","lead":false,"g":"git"},{"id":"jSPfHyxcfn6VcPgZAAAG","name":"c","lead":false}]
users 2[{"id":"9aF7Dz7zuWjU7rUvAAAA","name":"b","lead":false,"g":"git"},{"id":"jSPfHyxcfn6VcPgZAAAG","name":"c","lead":false}]
connect _tdgIjo3PrsteYQmAAAH
join a
users [{"id":"9aF7Dz7zuWjU7rUvAAAA","name":"b","lead":false,"g":"git"},{"id":"jSPfHyxcfn6VcPgZAAAG","name":"c","lead":false},{"id":"_tdgIjo3PrsteYQmAAAH","name":"a","lead":false}]
users 2[{"id":"9aF7Dz7zuWjU7rUvAAAA","name":"b","lead":false,"g":"git"},{"id":"jSPfHyxcfn6VcPgZAAAG","name":"c","lead":false},{"id":"_tdgIjo3PrsteYQmAAAH","name":"a","lead":false}]
connect c-9j6SWGjger1KmIAAAA
join b
users [{"id":"c-9j6SWGjger1KmIAAAA","name":"b","lead":false}]
users 2[{"id":"c-9j6SWGjger1KmIAAAA","name":"b","lead":false}]
connect 9tWfqbtLA9xx3BoVAAAB
connect tUNKnPNl_9yCxWQ0AAAC
join c
users [{"id":"c-9j6SWGjger1KmIAAAA","name":"b","lead":false},{"id":"9tWfqbtLA9xx3BoVAAAB","name":"c","lead":false}]
users 2[{"id":"c-9j6SWGjger1KmIAAAA","name":"b","lead":false},{"id":"9tWfqbtLA9xx3BoVAAAB","name":"c","lead":false}]
join a
users [{"id":"c-9j6SWGjger1KmIAAAA","name":"b","lead":false},{"id":"9tWfqbtLA9xx3BoVAAAB","name":"c","lead":false},{"id":"tUNKnPNl_9yCxWQ0AAAC","name":"a","lead":false}]
users 2[{"id":"c-9j6SWGjger1KmIAAAA","name":"b","lead":false},{"id":"9tWfqbtLA9xx3BoVAAAB","name":"c","lead":false},{"id":"tUNKnPNl_9yCxWQ0AAAC","name":"a","lead":false}]
leave c-9j6SWGjger1KmIAAAA
after 3 [{"id":"9tWfqbtLA9xx3BoVAAAB","name":"c","lead":false},{"id":"tUNKnPNl_9yCxWQ0AAAC","name":"a","lead":false}]
users 2[{"id":"9tWfqbtLA9xx3BoVAAAB","name":"c","lead":false},{"id":"tUNKnPNl_9yCxWQ0AAAC","name":"a","lead":false}]
connect dQXnRj076OYqGQo2AAAD
join b
users [{"id":"9tWfqbtLA9xx3BoVAAAB","name":"c","lead":false},{"id":"tUNKnPNl_9yCxWQ0AAAC","name":"a","lead":false},{"id":"dQXnRj076OYqGQo2AAAD","name":"b","lead":false}]
users 2[{"id":"9tWfqbtLA9xx3BoVAAAB","name":"c","lead":false},{"id":"tUNKnPNl_9yCxWQ0AAAC","name":"a","lead":false},{"id":"dQXnRj076OYqGQo2AAAD","name":"b","lead":false}]
leave 9tWfqbtLA9xx3BoVAAAB
after 3 [{"id":"tUNKnPNl_9yCxWQ0AAAC","name":"a","lead":false},{"id":"dQXnRj076OYqGQo2AAAD","name":"b","lead":false}]
users 2[{"id":"tUNKnPNl_9yCxWQ0AAAC","name":"a","lead":false},{"id":"dQXnRj076OYqGQo2AAAD","name":"b","lead":false}]
connect L-ai2kE8WykK8DIDAAAE
join b
users [{"id":"tUNKnPNl_9yCxWQ0AAAC","name":"a","lead":false},{"id":"dQXnRj076OYqGQo2AAAD","name":"b","lead":false},{"id":"L-ai2kE8WykK8DIDAAAE","name":"b","lead":false}]
users 2[{"id":"tUNKnPNl_9yCxWQ0AAAC","name":"a","lead":false},{"id":"dQXnRj076OYqGQo2AAAD","name":"b","lead":false},{"id":"L-ai2kE8WykK8DIDAAAE","name":"b","lead":false}]
leave tUNKnPNl_9yCxWQ0AAAC
after 3 [{"id":"dQXnRj076OYqGQo2AAAD","name":"b","lead":false},{"id":"L-ai2kE8WykK8DIDAAAE","name":"b","lead":false}]
users 2[{"id":"dQXnRj076OYqGQo2AAAD","name":"b","lead":false},{"id":"L-ai2kE8WykK8DIDAAAE","name":"b","lead":false}]
connect YctpJzq2vqJp5w4EAAAF
join b
users [{"id":"dQXnRj076OYqGQo2AAAD","name":"b","lead":false},{"id":"L-ai2kE8WykK8DIDAAAE","name":"b","lead":false},{"id":"YctpJzq2vqJp5w4EAAAF","name":"b","lead":false}]
users 2[{"id":"dQXnRj076OYqGQo2AAAD","name":"b","lead":false},{"id":"L-ai2kE8WykK8DIDAAAE","name":"b","lead":false},{"id":"YctpJzq2vqJp5w4EAAAF","name":"b","lead":false}]
users 2[{"id":"dQXnRj076OYqGQo2AAAD","name":"b","lead":false},{"id":"L-ai2kE8WykK8DIDAAAE","name":"b","lead":false,"q":"QQQ"},{"id":"YctpJzq2vqJp5w4EAAAF","name":"b","lead":false}]
request 2
leave dQXnRj076OYqGQo2AAAD
after 3 [{"id":"L-ai2kE8WykK8DIDAAAE","name":"b","lead":false,"q":"QQQ"},{"id":"YctpJzq2vqJp5w4EAAAF","name":"b","lead":false}]
users 2[{"id":"L-ai2kE8WykK8DIDAAAE","name":"b","lead":false,"q":"QQQ"},{"id":"YctpJzq2vqJp5w4EAAAF","name":"b","lead":false}]
connect pgZ0G14Gm1feHYJ9AAAG
join b
users [{"id":"L-ai2kE8WykK8DIDAAAE","name":"b","lead":false,"q":"QQQ"},{"id":"YctpJzq2vqJp5w4EAAAF","name":"b","lead":false},{"id":"pgZ0G14Gm1feHYJ9AAAG","name":"b","lead":false}]
users 2[{"id":"L-ai2kE8WykK8DIDAAAE","name":"b","lead":false,"q":"QQQ"},{"id":"YctpJzq2vqJp5w4EAAAF","name":"b","lead":false},{"id":"pgZ0G14Gm1feHYJ9AAAG","name":"b","lead":false}]
leave L-ai2kE8WykK8DIDAAAE
after 3 [{"id":"YctpJzq2vqJp5w4EAAAF","name":"b","lead":false},{"id":"pgZ0G14Gm1feHYJ9AAAG","name":"b","lead":false}]
users 2[{"id":"YctpJzq2vqJp5w4EAAAF","name":"b","lead":false},{"id":"pgZ0G14Gm1feHYJ9AAAG","name":"b","lead":false}]
connect sxqO34vlt7NeXJYWAAAH
join b
users [{"id":"YctpJzq2vqJp5w4EAAAF","name":"b","lead":false},{"id":"pgZ0G14Gm1feHYJ9AAAG","name":"b","lead":false},{"id":"sxqO34vlt7NeXJYWAAAH","name":"b","lead":false}]
users 2[{"id":"YctpJzq2vqJp5w4EAAAF","name":"b","lead":false},{"id":"pgZ0G14Gm1feHYJ9AAAG","name":"b","lead":false},{"id":"sxqO34vlt7NeXJYWAAAH","name":"b","lead":false}]
leave YctpJzq2vqJp5w4EAAAF
after 3 [{"id":"pgZ0G14Gm1feHYJ9AAAG","name":"b","lead":false},{"id":"sxqO34vlt7NeXJYWAAAH","name":"b","lead":false}]
users 2[{"id":"pgZ0G14Gm1feHYJ9AAAG","name":"b","lead":false},{"id":"sxqO34vlt7NeXJYWAAAH","name":"b","lead":false}]
connect d8vVMxnSxIaRdzeCAAAI
join b
users [{"id":"pgZ0G14Gm1feHYJ9AAAG","name":"b","lead":false},{"id":"sxqO34vlt7NeXJYWAAAH","name":"b","lead":false},{"id":"d8vVMxnSxIaRdzeCAAAI","name":"b","lead":false}]
users 2[{"id":"pgZ0G14Gm1feHYJ9AAAG","name":"b","lead":false},{"id":"sxqO34vlt7NeXJYWAAAH","name":"b","lead":false},{"id":"d8vVMxnSxIaRdzeCAAAI","name":"b","lead":false}]
leave d8vVMxnSxIaRdzeCAAAI
after 3 [{"id":"pgZ0G14Gm1feHYJ9AAAG","name":"b","lead":false},{"id":"sxqO34vlt7NeXJYWAAAH","name":"b","lead":false}]
users 2[{"id":"pgZ0G14Gm1feHYJ9AAAG","name":"b","lead":false},{"id":"sxqO34vlt7NeXJYWAAAH","name":"b","lead":false}]
leave pgZ0G14Gm1feHYJ9AAAG
after 3 [{"id":"sxqO34vlt7NeXJYWAAAH","name":"b","lead":false}]
users 2[{"id":"sxqO34vlt7NeXJYWAAAH","name":"b","lead":false}]
leave sxqO34vlt7NeXJYWAAAH
after 3 []
users 2[]
connect -_DP6IwEwrAZRp6WAAAJ
join b
users [{"id":"-_DP6IwEwrAZRp6WAAAJ","name":"b","lead":false}]
users 2[{"id":"-_DP6IwEwrAZRp6WAAAJ","name":"b","lead":false}]
connect PxDnXBe7v5Yw3eQZAAAK
join O
users [{"id":"-_DP6IwEwrAZRp6WAAAJ","name":"b","lead":false},{"id":"PxDnXBe7v5Yw3eQZAAAK","name":"O","lead":false}]
users 2[{"id":"-_DP6IwEwrAZRp6WAAAJ","name":"b","lead":false},{"id":"PxDnXBe7v5Yw3eQZAAAK","name":"O","lead":false}]
leave PxDnXBe7v5Yw3eQZAAAK
after 3 [{"id":"-_DP6IwEwrAZRp6WAAAJ","name":"b","lead":false}]
users 2[{"id":"-_DP6IwEwrAZRp6WAAAJ","name":"b","lead":false}]
connect _HXZCtSeiRkbbYyYAAAL
join O
users [{"id":"-_DP6IwEwrAZRp6WAAAJ","name":"b","lead":false},{"id":"_HXZCtSeiRkbbYyYAAAL","name":"O","lead":false}]
users 2[{"id":"-_DP6IwEwrAZRp6WAAAJ","name":"b","lead":false},{"id":"_HXZCtSeiRkbbYyYAAAL","name":"O","lead":false}]
join C
users [{"id":"-_DP6IwEwrAZRp6WAAAJ","name":"C","lead":false},{"id":"_HXZCtSeiRkbbYyYAAAL","name":"O","lead":false}]
users 2[{"id":"-_DP6IwEwrAZRp6WAAAJ","name":"C","lead":false},{"id":"_HXZCtSeiRkbbYyYAAAL","name":"O","lead":false}]
connect C0SbXjNjxswaosF3AAAM
join S
users [{"id":"-_DP6IwEwrAZRp6WAAAJ","name":"C","lead":false},{"id":"_HXZCtSeiRkbbYyYAAAL","name":"O","lead":false},{"id":"C0SbXjNjxswaosF3AAAM","name":"S","lead":false}]
users 2[{"id":"-_DP6IwEwrAZRp6WAAAJ","name":"C","lead":false},{"id":"_HXZCtSeiRkbbYyYAAAL","name":"O","lead":false},{"id":"C0SbXjNjxswaosF3AAAM","name":"S","lead":false}]
leave C0SbXjNjxswaosF3AAAM
after 3 [{"id":"-_DP6IwEwrAZRp6WAAAJ","name":"C","lead":false},{"id":"_HXZCtSeiRkbbYyYAAAL","name":"O","lead":false}]
users 2[{"id":"-_DP6IwEwrAZRp6WAAAJ","name":"C","lead":false},{"id":"_HXZCtSeiRkbbYyYAAAL","name":"O","lead":false}]
connect A1P1Tr3VTMvNovf5AAAN
join S
users [{"id":"-_DP6IwEwrAZRp6WAAAJ","name":"C","lead":false},{"id":"_HXZCtSeiRkbbYyYAAAL","name":"O","lead":false},{"id":"A1P1Tr3VTMvNovf5AAAN","name":"S","lead":false}]
users 2[{"id":"-_DP6IwEwrAZRp6WAAAJ","name":"C","lead":false},{"id":"_HXZCtSeiRkbbYyYAAAL","name":"O","lead":false},{"id":"A1P1Tr3VTMvNovf5AAAN","name":"S","lead":false}]
connect kmbnO76peDUP6GIGAAAO
join F
users [{"id":"-_DP6IwEwrAZRp6WAAAJ","name":"C","lead":false},{"id":"_HXZCtSeiRkbbYyYAAAL","name":"O","lead":false},{"id":"A1P1Tr3VTMvNovf5AAAN","name":"S","lead":false},{"id":"kmbnO76peDUP6GIGAAAO","name":"F","lead":false}]
users 2[{"id":"-_DP6IwEwrAZRp6WAAAJ","name":"C","lead":false},{"id":"_HXZCtSeiRkbbYyYAAAL","name":"O","lead":false},{"id":"A1P1Tr3VTMvNovf5AAAN","name":"S","lead":false},{"id":"kmbnO76peDUP6GIGAAAO","name":"F","lead":false}]
connect YLmeuioXHF3beWAbAAAA
join C
connect 7b451wIClK1NiIT1AAAB
join O
connect gX17yU1-gQidqxZbAAAC
join F
leave YLmeuioXHF3beWAbAAAA
connect FC3Uc3T1wzY1Zl48AAAD
join C
connect 3oqFUNOvMkFuS9rwAAAE
join C
leave 3oqFUNOvMkFuS9rwAAAE
connect dTmQmltBDhYhmk-iAAAF
join C
leave dTmQmltBDhYhmk-iAAAF
connect d9kRFMOpDc8J2wElAAAG
join C
leave d9kRFMOpDc8J2wElAAAG
connect 5d0wm58ImrNBA5f-AAAH
join C
leave 5d0wm58ImrNBA5f-AAAH
connect xcDhYbHUezb64p83AAAI
join C
leave xcDhYbHUezb64p83AAAI
connect KPUFrvk8wLnannBAAAAJ
join C
connect 1eNrouhGG0Ju3SLtAAAK
join S
leave FC3Uc3T1wzY1Zl48AAAD
leave KPUFrvk8wLnannBAAAAJ
connect 0_RXzv2LzDCdPZb-AAAL
join C
leave 0_RXzv2LzDCdPZb-AAAL
connect cwWbIVKginIf8qkiAAAM
join C
leave cwWbIVKginIf8qkiAAAM
connect BWDNIySsjkHThJ-dAAAN
join C
leave BWDNIySsjkHThJ-dAAAN
connect HrnSNuKqpWx069uTAAAO
join C
leave HrnSNuKqpWx069uTAAAO
connect EinLkyBl8g9aJbtPAAAP
join C
leave EinLkyBl8g9aJbtPAAAP
connect LREEk2dC8OMoRQVSAAAQ
join C
leave LREEk2dC8OMoRQVSAAAQ
connect gBauxM1CH5qbNKh3AAAR
join C
leave gBauxM1CH5qbNKh3AAAR
connect E5TQP0kMPOOVlBv9AAAS
join C
leave 7b451wIClK1NiIT1AAAB
connect ygCgH49NPZa473X5AAAT
join O
leave 1eNrouhGG0Ju3SLtAAAK
connect GLhgZ7_ebrOaVTrgAAAU
join S
leave ygCgH49NPZa473X5AAAT
connect SqqFg3z5e_yygOrpAAAV
join O
join ชื่อไทย
join โครม
request 2
request 2
chalenge {"cnt":0,"skp":5,"cur":0,"nxt":5}
chalenge {"cnt":1,"skp":5,"cur":5,"nxt":10}
chalenge {"cnt":2,"skp":5,"cur":10,"nxt":15}
success head: E5TQP0kMPOOVlBv9AAAS
found lead: E5TQP0kMPOOVlBv9AAAS
request 2
leave GLhgZ7_ebrOaVTrgAAAU
connect SzyVvYIlem3jL3m2AAAW
join S
leave E5TQP0kMPOOVlBv9AAAS
connect aLuz6xwj7kJPb1DvAAAX
join โครม
leave SqqFg3z5e_yygOrpAAAV
connect czgJdhZMqbZWKpXYAAAY
join ชื่อไทย
leave SzyVvYIlem3jL3m2AAAW
connect j08zJRCDbqokLHnEAAAZ
join S
leave gX17yU1-gQidqxZbAAAC
connect MCS2UjFqm19liB-CAAAa
join F
leave MCS2UjFqm19liB-CAAAa
connect Vrr6yRJyyPysIoNFAAAb
join F
leave Vrr6yRJyyPysIoNFAAAb
connect VMwOPiMWHkRjLsL8AAAc
join F
leave VMwOPiMWHkRjLsL8AAAc
connect Oe15--9yKMT6KmPAAAAd
join F
leave Oe15--9yKMT6KmPAAAAd
connect otug4wk2vqU9gL1QAAAe
join F
leave otug4wk2vqU9gL1QAAAe
connect vUAX-HLfP11RPv5cAAAf
join F
leave vUAX-HLfP11RPv5cAAAf
connect uwzItEfiTPb41wKnAAAg
join F
leave uwzItEfiTPb41wKnAAAg
connect OxY34EJn6_FXmqBHAAAh
join F
leave OxY34EJn6_FXmqBHAAAh
connect -20oW5j6WYMxIMwZAAAi
join F
leave -20oW5j6WYMxIMwZAAAi
connect WehghjY_8VJ8drWcAAAj
join F
leave WehghjY_8VJ8drWcAAAj
connect sEU19yxzjP6H3OH5AAAk
join F
leave sEU19yxzjP6H3OH5AAAk
connect hgpFoZQn6bApW4HlAAAl
join F
leave hgpFoZQn6bApW4HlAAAl
connect YZqaiymcFAVNz_p3AAAm
join F
leave YZqaiymcFAVNz_p3AAAm
connect Dm7r-mGypraBWlelAAAn
join F
join ทรงยศ
join ชัยพร
leave Dm7r-mGypraBWlelAAAn
connect a5Q8HZdol_FCBUHSAAAo
join ชัยพร
leave a5Q8HZdol_FCBUHSAAAo
connect j614XkULJ5o7Px2XAAAp
join ชัยพร
leave j614XkULJ5o7Px2XAAAp
connect LqVhmZQlTGe3ipswAAAq
join ชัยพร
leave LqVhmZQlTGe3ipswAAAq
connect myTgEv2WwPpbwu_JAAAr
join ชัยพร
leave myTgEv2WwPpbwu_JAAAr
connect cHDHyKLWAvCGPaZCAAAs
join ชัยพร
leave cHDHyKLWAvCGPaZCAAAs
connect gbWtSIAyYhrU_hddAAAt
join ชัยพร
leave gbWtSIAyYhrU_hddAAAt
connect LiM8rAag2DTmPcitAAAu
join ชัยพร
leave LiM8rAag2DTmPcitAAAu
connect mwkBGKwsvutfHI5-AAAv
join ชัยพร
connect eKWlwcGJ6owLNKg_AAAw
join S
leave eKWlwcGJ6owLNKg_AAAw
leave j08zJRCDbqokLHnEAAAZ
connect zTS359THS1PykfBhAAAx
join S
leave zTS359THS1PykfBhAAAx
connect ERGi1lEDMW-suytFAAAy
join S
leave ERGi1lEDMW-suytFAAAy
connect B78kjYDYnmMAj-rSAAAz
join S
leave B78kjYDYnmMAj-rSAAAz
connect d88d-0ftPRsSRNiQAAA0
join S
leave d88d-0ftPRsSRNiQAAA0
connect yBGerqlm7cdcZ3LiAAA1
join S
leave yBGerqlm7cdcZ3LiAAA1
connect 8D5rkh60iX7ebx3EAAA2
join S
leave 8D5rkh60iX7ebx3EAAA2
connect _nBs1Jq-UBe6zEGmAAA3
join S
leave _nBs1Jq-UBe6zEGmAAA3
connect x3LIn2-8Cm0QHTt5AAA4
join S
leave x3LIn2-8Cm0QHTt5AAA4
connect N5OL7DAYfJRgwPifAAA5
join S
leave N5OL7DAYfJRgwPifAAA5
connect k8ajTDqKlRXRKNBIAAA6
join S
leave k8ajTDqKlRXRKNBIAAA6
connect zUc2ZkfPsqGP7L50AAA7
join S
leave mwkBGKwsvutfHI5-AAAv
connect GdoUudDRc81rulW6AAA8
join ชัยพร
leave GdoUudDRc81rulW6AAA8
leave zUc2ZkfPsqGP7L50AAA7
leave czgJdhZMqbZWKpXYAAAY
connect cbY24516HtVbMkjIAAA9
join ชื่อไทย
chalenge {"cnt":0,"skp":5,"cur":0,"nxt":5}
chalenge {"cnt":1,"skp":5,"cur":5,"nxt":10}
chalenge {"cnt":2,"skp":5,"cur":10,"nxt":15}
success head: cbY24516HtVbMkjIAAA9
found lead: cbY24516HtVbMkjIAAA9
join นายชุมพล
request 2
request 2
request 2
leave cbY24516HtVbMkjIAAA9
leave aLuz6xwj7kJPb1DvAAAX
connect f5Rh0lwCsm1Hbu5YAAA-
join โครม
leave f5Rh0lwCsm1Hbu5YAAA-
connect kKPowf2jm-rzZqdBAAA_
join โครม
leave kKPowf2jm-rzZqdBAAA_
connect aZJjNwpVSO_-FUGUAABA
join โครม
join ดร.ชุมพล
chalenge {"cnt":0,"skp":5,"cur":0,"nxt":5}
chalenge {"cnt":1,"skp":5,"cur":5,"nxt":10}
chalenge {"cnt":2,"skp":5,"cur":10,"nxt":15}
success head: aZJjNwpVSO_-FUGUAABA
found lead: aZJjNwpVSO_-FUGUAABA
leave aZJjNwpVSO_-FUGUAABA
connect BVc7o2L4fSRFJIIcAABB
join ดร.ชุมพล
leave BVc7o2L4fSRFJIIcAABB
connect 9IWcIWkJTWcIPqvIAABC
join ดร.ชุมพล
leave 9IWcIWkJTWcIPqvIAABC
connect 8sVpEuYW4Wdpyqc-AABD
join ดร.ชุมพล
leave 8sVpEuYW4Wdpyqc-AABD
connect btvoxcffIu9Ud-8iAABE
join ดร.ชุมพล
leave btvoxcffIu9Ud-8iAABE
connect oU0oR1_HQYpYh0VmAABF
join ดร.ชุมพล
request 2
connect 8PgjwONBQJG36zeBAABG
connect lkW2ILf-XIminOHoAABH
connect bhU9wl8llwoErt0BAABI
connect 3NMpM_OVwIQNeOQIAABJ
connect BpDWF4gZLXgxu-itAABK
leave bhU9wl8llwoErt0BAABI
connect XC_QQJU7aFRDT_YDAABL
leave XC_QQJU7aFRDT_YDAABL
connect rPhseuGFMZVzqbzlAABM
connect WhQIJ9ucKT-QKaWtAABN
connect QRzhISy-T19_20qwAABO
leave lkW2ILf-XIminOHoAABH
connect 35Z5fUVV4Vrqwlr9AABP
connect bPGa23i3uLwoDNkZAABQ
leave bPGa23i3uLwoDNkZAABQ
connect S0tHazaFkZdrRyqMAABR
connect DH-F7rwYAeAGjIDFAABS
connect hv9loj0xi4-Yp3ssAABT
connect eQrIpqSzK010Tu1SAABU
join S
connect NnUa1JfP8NH6Ow2LAABV
connect R2KfpHUtevdUG70rAABW
connect Wd6DBJ1llr0v3W2zAABX
connect NxS_iErxhtmP2DqzAABY
leave 3NMpM_OVwIQNeOQIAABJ
connect GOpeFLH90Xrdj7edAABZ
leave eQrIpqSzK010Tu1SAABU
leave WhQIJ9ucKT-QKaWtAABN
connect MvrICcKMx-ii5y8SAABa
connect qoP3Z9JZKljvqChzAABb
leave MvrICcKMx-ii5y8SAABa
connect 9KWzYEnNoBzdmfpPAABc
connect WHBJ4nT9c41VbSQZAABd
join S
connect -ND6lXtBELwopVELAABe
connect EEY2bQmOOmrgwTnyAABf
leave NnUa1JfP8NH6Ow2LAABV
connect zPQr_HZfwuA0rMyEAABg
leave zPQr_HZfwuA0rMyEAABg
connect KvzhoGdLRRpo3f8oAABh
leave oU0oR1_HQYpYh0VmAABF
connect PoE-TGIC-yBHYGZwAABi
join ชุมพล
join ดร.ชุมพล
request 1
join สุทธิศักดิ์
join ชัยพร
join เอกภาพ
leave PoE-TGIC-yBHYGZwAABi
leave WHBJ4nT9c41VbSQZAABd
connect tu5lF0KRES2WhFo1AABj
join ชัยพร
connect CyU4leJh1e7B-DDCAABk
join ปิยะพงษ์
request 1
request 3
request 2
request 2
join กิตติชาติ
join กันต์ธพจน์
leave NxS_iErxhtmP2DqzAABY
connect VnDBnAxyj_5n-y1MAABl
leave S0tHazaFkZdrRyqMAABR
connect ywWorHA0QAmOYubwAABm
join วานีตา
leave hv9loj0xi4-Yp3ssAABT
connect 4W2pSLUBHOCUWEbwAABn
join ฉัตรชัย
join ธีรศานต์ ธิมาชัย
leave R2KfpHUtevdUG70rAABW
connect NPtME_3XxPyuO9YeAABo
join แวอุเซ็ง
join ทวี
join อาณีตา
join สุพัฒ
join จิระเดช
connect iv12prRXtNTXcqfzAABp
request 1
request 1
request 1
leave CyU4leJh1e7B-DDCAABk
connect Rzpbh9IOKeZ7ZEi2AABq
join วสันต์ (ไอซีทีกระทรวง)
leave NPtME_3XxPyuO9YeAABo
leave VnDBnAxyj_5n-y1MAABl
connect ZccvToivKRXQ4euJAABr
leave -ND6lXtBELwopVELAABe
request 1
connect brbOi7TKQtU6H8kDAABs
join วานีตา
leave tu5lF0KRES2WhFo1AABj
connect oUaQSKNESoTJOspcAABt
join ชัยพร
leave brbOi7TKQtU6H8kDAABs
connect Y8Ddp-F2Y8ZI-XSdAABu
join วานีตา
request 1
join ำรัตน์
leave Y8Ddp-F2Y8ZI-XSdAABu
connect vCaQUV5Pe5KI3hhqAABv
join วานีตา
leave rPhseuGFMZVzqbzlAABM
connect wx0Ig3Dqyr1jXnpXAABw
join กันต์ธพจน์
join w ไชยาภรณ์
leave vCaQUV5Pe5KI3hhqAABv
leave oUaQSKNESoTJOspcAABt
leave iv12prRXtNTXcqfzAABp
connect piJcvQ1Mfoc4-6XSAABx
join w ไชยาภรณ์
connect FUr7x9inXrAijIY_AABy
join วานีตา
connect _ZNxkGzQ4A1B2-TCAABz
join ชัยพร
leave FUr7x9inXrAijIY_AABy
leave piJcvQ1Mfoc4-6XSAABx
leave Rzpbh9IOKeZ7ZEi2AABq
connect GRnXpdICqmAAdUVbAAB0
join วานีตา
connect JKQYptRYPq99a-caAAB1
join ำรัตน์
leave _ZNxkGzQ4A1B2-TCAABz
connect 2ehQdgPJtuk1xlAhAAB2
join ชัยพร
connect 4eBQfVSYY3p4UaeIAAB3
join w ไชยาภรณ์
leave GRnXpdICqmAAdUVbAAB0
leave 2ehQdgPJtuk1xlAhAAB2
connect spLg-vxG8WFyq5xFAAB4
connect SPHEmP36kdX4MHl1AAB5
join วานีตา
leave 4eBQfVSYY3p4UaeIAAB3
connect Nc0BQz23pu7UOeL7AAB6
connect -fkYQet7_9Enj69nAAB7
join ชัยพร
connect t_x-NJXmn9YIwAT5AAB8
join w ไชยาภรณ์
leave Nc0BQz23pu7UOeL7AAB6
leave spLg-vxG8WFyq5xFAAB4
leave SPHEmP36kdX4MHl1AAB5
leave BpDWF4gZLXgxu-itAABK
connect krcW4qBQC-o5s589AAB9
join แวอุเซ็ง
leave JKQYptRYPq99a-caAAB1
leave t_x-NJXmn9YIwAT5AAB8
connect DQ_rzLa7nHMMkgSMAAB-
join ำรัตน์
connect LUPdsgvO8vAyRbi6AAB_
join วานีตา
connect KIxtGAYEr51zx_zOAACA
join w ไชยาภรณ์
leave qoP3Z9JZKljvqChzAABb
connect 8HSUblpakTIOehFlAACB
join ทวี
leave KIxtGAYEr51zx_zOAACA
leave LUPdsgvO8vAyRbi6AAB_
connect 1WFRRwr3tU2Sb1FrAACC
join วานีตา
connect yEvscqtxWjTw2cdPAACD
join w ไชยาภรณ์
leave -fkYQet7_9Enj69nAAB7
connect FrNy8tad98i1EpFKAACE
join ชัยพร
leave 1WFRRwr3tU2Sb1FrAACC
connect gf3Q6iKpVJg1zxLmAACF
leave gf3Q6iKpVJg1zxLmAACF
leave yEvscqtxWjTw2cdPAACD
join วพล ย้อยดี
request 3
leave FrNy8tad98i1EpFKAACE
leave krcW4qBQC-o5s589AAB9
connect J2-Y4aEiCEySusd4AACG
join ชัยพร
connect 7JjcD-m1p7WtpxHeAACH
connect ccRsKE0hr2tGBpFxAACI
join วานีตา
connect pk7fQsPJP06RTSkIAACJ
join w ไชยาภรณ์
connect HTIQ_XmRWPuQlKD1AACK
join แวอุเซ็ง
leave 4W2pSLUBHOCUWEbwAABn
connect cacGDqFT_HwLnS6oAACL
join จิระเดช
connect 2zS-6YBduUM-AT8hAACM
request 2
leave ccRsKE0hr2tGBpFxAACI
connect 7BGK0yYzpmTtGURtAACN
leave HTIQ_XmRWPuQlKD1AACK
leave 7BGK0yYzpmTtGURtAACN
request 2
join ดร.ชุมพล
connect halOnyePxPnrso3EAACO
join แวอุเซ็ง
connect lVrgXPGUdqsNykYCAACP
leave halOnyePxPnrso3EAACO
request 2
connect 4p_wyrsuD6kXd6A6AACQ
join วานีตา
leave 8PgjwONBQJG36zeBAABG
connect sIk5Lyi7ojpaKs4qAACR
leave J2-Y4aEiCEySusd4AACG
connect bd1Vr8_uhzyMEG3yAACS
join ดร.ชุมพล
connect dURVoGKqKdETpwA-AACT
connect 6nnOlnz8GFd6R7IdAACU
leave lVrgXPGUdqsNykYCAACP
leave wx0Ig3Dqyr1jXnpXAABw
connect 5BgCaJXFj2W9U1jIAACV
join ำรัตน์
leave 7JjcD-m1p7WtpxHeAACH
leave 8HSUblpakTIOehFlAACB
connect t9tBaL_KhnNdsxKMAACW
join ทวี
join ประวีร์
leave 4p_wyrsuD6kXd6A6AACQ
connect 6v3FIA10ZIugTYwOAACX
join วานีตา
leave dURVoGKqKdETpwA-AACT
connect RtetCpUmR5M3xgfJAACY
join กันต์ธพจน์
connect BnxaIoJlCBmSF2Y2AACZ
connect IIUrgrShHvimgsk2AACa
connect dNZBEQjwKCPOBw7MAACb
connect UQzFkhySBahYbTR1AACc
leave BnxaIoJlCBmSF2Y2AACZ
connect uNo-VWwWCAH1jOftAACd
connect zBZz60AI3MTsTK_UAACe
leave DQ_rzLa7nHMMkgSMAAB-
connect ytibwNBVYwYoqE13AACf
join ำรัตน์
leave bd1Vr8_uhzyMEG3yAACS
connect n8d-5QEskVn8MFO-AACg
join ดร.ชุมพล
join w ไชยาภรณ์
request 2
request 2
leave zBZz60AI3MTsTK_UAACe
connect q2W-rZFOFXJdnyaaAACh
leave dNZBEQjwKCPOBw7MAACb
connect LZXbVaL1Ei_uZNi_AACi
leave n8d-5QEskVn8MFO-AACg
connect tSb-taegSxCFPmX0AACj
join ดร.ชุมพล
connect mt9GEVSxFeh4FdVqAACk
leave UQzFkhySBahYbTR1AACc
connect FBmcJ2fc88qAtZgQAACl
connect 1xm2HcVlgg8xPRlTAACm
leave 6v3FIA10ZIugTYwOAACX
join w ไชยาภรณ์
request 2
connect EYs4FeMuzcZDGR6IAACn
join วานีตา
leave 1xm2HcVlgg8xPRlTAACm
connect 5F8DsQFwl9lIsurFAACo
request 2
request 2
request 2
join จำรัตน์
leave LZXbVaL1Ei_uZNi_AACi
leave tSb-taegSxCFPmX0AACj
connect ITTnVe7-aPQTtgCCAACp
join แวอุเซ็ง
leave mt9GEVSxFeh4FdVqAACk
connect Ul9Cw5KgcE7yA_DhAACq
join ดร.ชุมพล
request 2
leave q2W-rZFOFXJdnyaaAACh
leave FBmcJ2fc88qAtZgQAACl
leave EYs4FeMuzcZDGR6IAACn
connect DjwogI4n7SPuc0tEAACr
leave uNo-VWwWCAH1jOftAACd
connect DjsDgpac4VDasnRxAACs
join w ไชยาภรณ์
connect qUSEOuoxPX0w2uLtAACt
leave ITTnVe7-aPQTtgCCAACp
leave DjsDgpac4VDasnRxAACs
leave qUSEOuoxPX0w2uLtAACt
connect dgFGfmaPrlcMW1ytAACu
leave DjwogI4n7SPuc0tEAACr
connect W5YKpof3bG1LACiTAACv
connect GwkWYLNYrVYF58idAACw
join วานีตา
leave dgFGfmaPrlcMW1ytAACu
connect I3hnAxvPgxs0qaw4AACx
join w ไชยาภรณ์
leave 5BgCaJXFj2W9U1jIAACV
leave GwkWYLNYrVYF58idAACw
connect d1QW3ChbgaGLCB4zAACy
join ำรัตน์
leave W5YKpof3bG1LACiTAACv
connect AijFDY6CLsbP1RWGAACz
connect 4Eah0JcqhkmhOpauAAC0
join w ไชยาภรณ์
request 1
connect 2pW2_tp-wANEgDntAAC1
join วานีตา
request 1
request 1
request 1
request 1
leave I3hnAxvPgxs0qaw4AACx
connect n4NwFWHeVf-8xzY9AAC2
leave AijFDY6CLsbP1RWGAACz
request 1
leave Ul9Cw5KgcE7yA_DhAACq
connect DdKfa87AvcdYm863AAC3
join ดร.ชุมพล
leave 2pW2_tp-wANEgDntAAC1
request 1
connect 8A44m2YXJpI7ckMbAAC4
join วานีตา
request 1
leave n4NwFWHeVf-8xzY9AAC2
connect o9N3lmNlsRG8jkkfAAC5
leave DdKfa87AvcdYm863AAC3
connect 8_nMcBrczmxEywRjAAC6
join ดร.ชุมพล
leave o9N3lmNlsRG8jkkfAAC5
connect tRODkt1F1YEvpABCAAC7
leave tRODkt1F1YEvpABCAAC7
connect Ml9WKdJUUUXUvliWAAC8
leave 8A44m2YXJpI7ckMbAAC4
connect y9eXuW2q3FiNSC-AAAC9
leave Ml9WKdJUUUXUvliWAAC8
join วานีตา
connect IEMUuKoe-RoeoE-TAAC-
leave IEMUuKoe-RoeoE-TAAC-
connect wg3NOzk31MVADzp_AAC_
leave 4Eah0JcqhkmhOpauAAC0
leave 2zS-6YBduUM-AT8hAACM
leave IIUrgrShHvimgsk2AACa
connect Zf0fKsXKhbaLtF4OAADA
leave y9eXuW2q3FiNSC-AAAC9
connect wRHc2UFXA_fbImT5AADB
connect 4ObEmHl9C7p2xyZqAADC
join วานีตา
leave 8_nMcBrczmxEywRjAAC6
connect ZQsEUTfN8pJdL74uAADD
join ดร.ชุมพล
leave ZQsEUTfN8pJdL74uAADD
connect PxMLZmuuXKtrM-fUAADE
join ดร.ชุมพล
join w ไชยาภรณ์
connect nWB_xO5NvHxpMkZ-AADF
leave ytibwNBVYwYoqE13AACf
connect fj47YSNNekGMcBOLAADG
join จำรัตน์
leave 4ObEmHl9C7p2xyZqAADC
leave wRHc2UFXA_fbImT5AADB
leave nWB_xO5NvHxpMkZ-AADF
connect KbG9I-PiOQW89Kj4AADH
connect VD_8f3zKnwk1OPtRAADI
join วานีตา
join w ไชยาภรณ์
connect j3exYhjDx1k5S_60AADJ
join แวอุเซ็ง
leave RtetCpUmR5M3xgfJAACY
leave j3exYhjDx1k5S_60AADJ
leave PxMLZmuuXKtrM-fUAADE
connect GR6RQquDcKHX-wEyAADK
join กันต์ธพจน์
connect ruIfKQcyekvur6iQAADL
join ดร.ชุมพล
connect iz_Wzh8I20GnOqZNAADM
leave VD_8f3zKnwk1OPtRAADI
leave d1QW3ChbgaGLCB4zAACy
leave KbG9I-PiOQW89Kj4AADH
join w ไชยาภรณ์
leave ZccvToivKRXQ4euJAABr
connect fvDOwhJZExBPAj9eAADN
join ำรัตน์
leave ruIfKQcyekvur6iQAADL
connect FcYnAq83CZmS-r0cAADO
join ดร.ชุมพล
connect 0m9fOmQPToINiiitAADP
join w ไชยาภรณ์
leave iz_Wzh8I20GnOqZNAADM
connect v13Tk221stAxq1KcAADQ
join วานีตา
leave 0m9fOmQPToINiiitAADP
connect oqWrX0Ntj3ERRdq6AADR
leave v13Tk221stAxq1KcAADQ
leave wg3NOzk31MVADzp_AAC_
connect BQ43xavEvEfN5WjBAADS
join w ไชยาภรณ์
connect MBYxxGXMiIepzln-AADT
join วานีตา
leave oqWrX0Ntj3ERRdq6AADR
connect PMy5VNgSlzJpXjqhAADU
join w ไชยาภรณ์
leave MBYxxGXMiIepzln-AADT
leave fj47YSNNekGMcBOLAADG
connect xMzQMLG-Y0ez3FGZAADV
join วานีตา
connect nTJLDrKYr_2jOvimAADW
join ดร.ชุมพล
leave FcYnAq83CZmS-r0cAADO
leave PMy5VNgSlzJpXjqhAADU
connect 2-xV9DRvqiwnvcv1AADX
connect 71fPW_eRR-NekoloAADY
join จำรัตน์
join w ไชยาภรณ์
leave xMzQMLG-Y0ez3FGZAADV
leave GR6RQquDcKHX-wEyAADK
leave fvDOwhJZExBPAj9eAADN
connect iw6v5EW6LSFoLI4QAADZ
join วานีตา
connect PKev1V6Xj9eXMd29AADa
join กันต์ธพจน์
connect vJaPPvJMoVga5ZU3AADb
connect EqKq7kEpXJYMVcqkAADc
join ำรัตน์
leave iw6v5EW6LSFoLI4QAADZ
connect wd92hormPo8KJMU0AADd
join w ไชยาภรณ์
leave 2-xV9DRvqiwnvcv1AADX
leave vJaPPvJMoVga5ZU3AADb
connect jK0hLWfixfhzgegQAADe
join วานีตา
connect QcFt8jAZQCjJWO9TAADf
leave EqKq7kEpXJYMVcqkAADc
leave wd92hormPo8KJMU0AADd
leave nTJLDrKYr_2jOvimAADW
leave pk7fQsPJP06RTSkIAACJ
connect GWyIc5KHv3v3y345AADg
connect riGTHXZDWiploPYGAADh
join ดร.ชุมพล
request 1
request 1
leave jK0hLWfixfhzgegQAADe
connect gDHALaQ2HHhzpbDxAADi
join w ไชยาภรณ์
connect YvlLdPqPEyLa3uJGAADj
join วานีตา
leave YvlLdPqPEyLa3uJGAADj
connect Da64Bf-ntoAgepvIAADk
join วานีตา
leave 71fPW_eRR-NekoloAADY
leave PKev1V6Xj9eXMd29AADa
connect BvOKEP0aafcqgZmHAADl
join จำรัตน์
leave gDHALaQ2HHhzpbDxAADi
leave GWyIc5KHv3v3y345AADg
connect LPpQBkEAECql6iFnAADm
join ดร.ชุมพล
connect MxgOcJpNRwyWU2gVAADn
join w ไชยาภรณ์
connect rHg32kfT1PrK2E61AADo
join กันต์ธพจน์
connect 7TNFSAprLp4jCKx1AADp
leave Da64Bf-ntoAgepvIAADk
leave LPpQBkEAECql6iFnAADm
connect sIl3U3-1hfgimXL_AADq
join ดร.ชุมพล
leave 7TNFSAprLp4jCKx1AADp
leave MxgOcJpNRwyWU2gVAADn
connect iO3PlZP4fd4dP1CNAADr
join วานีตา
connect AhSV4e0gB3QYmvkvAADs
join w ไชยาภรณ์
leave sIl3U3-1hfgimXL_AADq
connect rBMhHcZWxfDAj4OnAADt
join ดร.ชุมพล
leave QcFt8jAZQCjJWO9TAADf
leave iO3PlZP4fd4dP1CNAADr
connect RNSOdmloGjEYW_IwAADu
join w ไชยาภรณ์
leave AhSV4e0gB3QYmvkvAADs
leave 5F8DsQFwl9lIsurFAACo
connect q85FfBbTdPqN85RnAADv
leave 6nnOlnz8GFd6R7IdAACU
connect 1vlgMHi4GmTvUiBeAADw
join ประวีร์
leave RNSOdmloGjEYW_IwAADu
connect eufO2BdWYy8N59S3AADx
join w ไชยาภรณ์
leave rBMhHcZWxfDAj4OnAADt
connect 9meNo5Gwsqp8VCVFAADy
join ดร.ชุมพล
request 2
request 2
request 2
leave BQ43xavEvEfN5WjBAADS
connect 60tghbCAdIHHO9XxAADz
leave 9meNo5Gwsqp8VCVFAADy
connect RKpdAoJPKxr4FwWpAAD0
join ดร.ชุมพล
leave eufO2BdWYy8N59S3AADx
leave BvOKEP0aafcqgZmHAADl
leave rHg32kfT1PrK2E61AADo
connect C4SIWTdVo5Sf_eW9AAD1
join วานีตา
connect rwv45p3_8k0LnegpAAD2
join จำรัตน์
connect uxQnBUT1ifdbLIdHAAD3
join w ไชยาภรณ์
connect fJqWHyAJI6auEx_4AAD4
join กันต์ธพจน์
leave RKpdAoJPKxr4FwWpAAD0
connect b39kGHokdqH1c3AVAAD5
join ดร.ชุมพล
leave b39kGHokdqH1c3AVAAD5
connect ugNqh-J6sFfLz-FAAAD6
join ดร.ชุมพล
connect XHlrUeDsXo3CYd3WAAD7
leave Zf0fKsXKhbaLtF4OAADA
leave uxQnBUT1ifdbLIdHAAD3
connect SHIfGkhyG7ZTD51xAAD8
leave XHlrUeDsXo3CYd3WAAD7
leave fJqWHyAJI6auEx_4AAD4
leave ugNqh-J6sFfLz-FAAAD6
connect l3jMM3VYvx5umn_2AAD9
join ดร.ชุมพล
join w ไชยาภรณ์
connect heUETXtyVvanGlR1AAD-
connect XuPKzilTZxzxai3iAAD_
join กันต์ธพจน์
leave riGTHXZDWiploPYGAADh
leave rwv45p3_8k0LnegpAAD2
connect IMdgXBNb4hej685bAAEA
connect 1Ne8pkilCZCxc12WAAEB
join จำรัตน์
leave XuPKzilTZxzxai3iAAD_
leave C4SIWTdVo5Sf_eW9AAD1
connect ezJ56egjwForMUa7AAEC
join วานีตา
connect diKfJzTBTZHYN1X1AAED
join กันต์ธพจน์
leave l3jMM3VYvx5umn_2AAD9
connect iUH3ybO38ng85_EEAAEE
join ดร.ชุมพล
chalenge {"cnt":0,"skp":5,"cur":0,"nxt":5}
chalenge {"cnt":1,"skp":5,"cur":5,"nxt":10}
leave ezJ56egjwForMUa7AAEC
chalenge {"cnt":2,"skp":5,"cur":10,"nxt":15}
success head: iUH3ybO38ng85_EEAAEE
found lead: iUH3ybO38ng85_EEAAEE
leave 1Ne8pkilCZCxc12WAAEB
chalenge {"cnt":0,"skp":5,"cur":0,"nxt":5}
chalenge {"cnt":1,"skp":5,"cur":5,"nxt":10}
chalenge {"cnt":2,"skp":5,"cur":10,"nxt":15}
success head: iUH3ybO38ng85_EEAAEE
found lead: iUH3ybO38ng85_EEAAEE
request 2
request 2
leave IMdgXBNb4hej685bAAEA
leave SHIfGkhyG7ZTD51xAAD8
connect UXxGk4f5Cq3XMMsFAAEF
connect StocsW5lFDN6IqRWAAEG
join วานีตา
connect aNpDYWJNNwsTOsKSAAEH
join w ไชยาภรณ์
leave UXxGk4f5Cq3XMMsFAAEF
connect zjSGepnw0Plp7OKBAAEI
leave StocsW5lFDN6IqRWAAEG
leave aNpDYWJNNwsTOsKSAAEH
connect CtS0JQ95R5qM76J9AAEJ
join วานีตา
connect 3TjGlk5EiF-pywBPAAEK
leave heUETXtyVvanGlR1AAD-
join w ไชยาภรณ์
connect jSWUrge4cTYsknqWAAEL
leave CtS0JQ95R5qM76J9AAEJ
connect cu6VB5dM7hkvOtcmAAEM
join วานีตา
leave 3TjGlk5EiF-pywBPAAEK
connect I_3fCSD7J5DeuYqlAAEN
leave sIk5Lyi7ojpaKs4qAACR
connect O-82S2C51NnWn7JWAAEO
join w ไชยาภรณ์
leave zjSGepnw0Plp7OKBAAEI
connect 8E5gE6e6sWVfvEx-AAEP
leave cu6VB5dM7hkvOtcmAAEM
connect 2VwoodurTs_H92nUAAEQ
join วานีตา
leave 2VwoodurTs_H92nUAAEQ
leave diKfJzTBTZHYN1X1AAED
leave I_3fCSD7J5DeuYqlAAEN
connect 9Q5QuBjsQjTC0ztZAAER
join วานีตา
connect AKxNmY0cyzB4Mzy1AAES
join กันต์ธพจน์
leave 9Q5QuBjsQjTC0ztZAAER
connect gmdWV8ISSi9sMTnzAAET
join วพล ย้อยดี
request 1
request 1
request 2
request 2
request 3
connect BFWVCQ2HTkO79_j4AAEU
join วานีตา
request 2
request 2
leave BFWVCQ2HTkO79_j4AAEU
leave AKxNmY0cyzB4Mzy1AAES
request 2
connect rbOtN6lcoA0_EaS2AAEV
join กันต์ธพจน์
request 3
connect NqvCflnV9_7RNvKJAAEW
join วานีตา
connect dc4eYUrQmI-BvBYrAAEX
connect iXURSYSdWt7PanEyAAEY
join w ไชยาภรณ์
leave NqvCflnV9_7RNvKJAAEW
connect kSBDjlV8rrbIX5KIAAEZ
join วานีตา
request 2
leave dc4eYUrQmI-BvBYrAAEX
request 1
leave gmdWV8ISSi9sMTnzAAET
leave iXURSYSdWt7PanEyAAEY
connect TT-mCil3ydNpbYE0AAEa
join วพล ย้อยดี
request 3
connect U7N0u8ALH1LAg1t7AAEb
connect Cz59rzGeHgXuhi1aAAEc
join w ไชยาภรณ์
connect FBhV_vkHFVjYdFNxAAEd
leave U7N0u8ALH1LAg1t7AAEb
leave Cz59rzGeHgXuhi1aAAEc
join w ไชยาภรณ์
leave 8E5gE6e6sWVfvEx-AAEP
connect S4leiA_PR0jEj-ktAAEe
leave FBhV_vkHFVjYdFNxAAEd
connect u61x5ajffHmsD838AAEf
join w ไชยาภรณ์
leave u61x5ajffHmsD838AAEf
connect p02OFRiUSNat3Eq4AAEg
connect xJB415vjuweZMyI-AAEh
join w ไชยาภรณ์
leave xJB415vjuweZMyI-AAEh
connect aCPG_nCr5Hd9vdzcAAEi
join w ไชยาภรณ์
leave aCPG_nCr5Hd9vdzcAAEi
connect fCjWXQ27PNXTzbsUAAEj
join w ไชยาภรณ์
leave kSBDjlV8rrbIX5KIAAEZ
leave fCjWXQ27PNXTzbsUAAEj
leave rbOtN6lcoA0_EaS2AAEV
connect BiyEkw0fD4_dhiYrAAEk
join w ไชยาภรณ์
connect hgih9qCfjkidS6wvAAEl
join กันต์ธพจน์
leave BiyEkw0fD4_dhiYrAAEk
connect RlZophIiD728pkEjAAEm
connect TNbTGgjcn93Y8n2fAAEn
join w ไชยาภรณ์
leave RlZophIiD728pkEjAAEm
connect zWh0jtvb9ELr9AsSAAEo
leave TNbTGgjcn93Y8n2fAAEn
join w ไชยาภรณ์
leave zWh0jtvb9ELr9AsSAAEo
connect ff9iXZN5lTl96CqdAAEp
join w ไชยาภรณ์
leave ff9iXZN5lTl96CqdAAEp
leave iUH3ybO38ng85_EEAAEE
connect BIIeWi0-po6SEaNCAAEq
join ดร.ชุมพล
leave S4leiA_PR0jEj-ktAAEe
connect EsMuZ_FiYnUaULnjAAEr
connect ke6iHq9XCynNv1JZAAEs
leave ke6iHq9XCynNv1JZAAEs
leave hgih9qCfjkidS6wvAAEl
connect mG9E0T6RarJ9QXP3AAEt
join กันต์ธพจน์
leave p02OFRiUSNat3Eq4AAEg
connect Y43getvIRuLeV3QmAAEu
leave Y43getvIRuLeV3QmAAEu
leave BIIeWi0-po6SEaNCAAEq
connect MdXUr_5JKF_z8AReAAEv
join ดร.ชุมพล
connect FxXu4vasRfbTKLyuAAEw
join w ไชยาภรณ์
leave FxXu4vasRfbTKLyuAAEw
connect MadItREnjhyRSVksAAEx
join w ไชยาภรณ์
leave MadItREnjhyRSVksAAEx
connect B_vXgL69zKJ6qfF7AAEy
join w ไชยาภรณ์
leave MdXUr_5JKF_z8AReAAEv
leave mG9E0T6RarJ9QXP3AAEt
connect wYbzrcdYqdedTippAAEz
join ดร.ชุมพล
connect CVgWBdyKJesahVM7AAE0
join กันต์ธพจน์
request 2
leave B_vXgL69zKJ6qfF7AAEy
connect LB3kSud2D4cueRQVAAE1
join w ไชยาภรณ์
request 7
leave wYbzrcdYqdedTippAAEz
leave LB3kSud2D4cueRQVAAE1
connect _ixNGujtnHY2kx61AAE2
join ดร.ชุมพล
connect AwdQ2NZ6O-5NQFZfAAE3
join w ไชยาภรณ์
leave EsMuZ_FiYnUaULnjAAEr
leave AwdQ2NZ6O-5NQFZfAAE3
connect JcCiMUhceyR-ZymhAAE4
join w ไชยาภรณ์
connect h_cat8AwDRM_89sRAAE5
leave JcCiMUhceyR-ZymhAAE4
connect 3TMwVCwloGWRDkBGAAE6
request 1
connect grgboSCMfQM7eMzqAAE7
join w ไชยาภรณ์
request 1
leave 3TMwVCwloGWRDkBGAAE6
request 1
leave Wd6DBJ1llr0v3W2zAABX
request 1
leave grgboSCMfQM7eMzqAAE7
leave CVgWBdyKJesahVM7AAE0
connect PNP1KVlSAU2heLN7AAE8
join w ไชยาภรณ์
leave h_cat8AwDRM_89sRAAE5
connect fkcA8CdUjB4Vmh_XAAE9
leave fkcA8CdUjB4Vmh_XAAE9
connect u0IN8eykGNCM8n2LAAE-
join กันต์ธพจน์
leave _ixNGujtnHY2kx61AAE2
connect eoRRIT7vUuu_rC6_AAE_
join ดร.ชุมพล
